#
# There is insufficient memory for the Java Runtime Environment to continue.
# Native memory allocation (mmap) failed to map 260046848 bytes for G1 virtual space
# Possible reasons:
#   The system is out of physical RAM or swap space
#   The process is running with CompressedOops enabled, and the Java Heap may be blocking the growth of the native heap
# Possible solutions:
#   Reduce memory load on the system
#   Increase physical memory or swap space
#   Check if swap backing store is full
#   Decrease Java heap size (-Xmx/-Xms)
#   Decrease number of Java threads
#   Decrease Java thread stack sizes (-Xss)
#   Set larger code cache with -XX:ReservedCodeCacheSize=
#   JVM is running with Zero Based Compressed Oops mode in which the Java heap is
#     placed in the first 32GB address space. The Java Heap base address is the
#     maximum limit for the native heap growth. Please use -XX:HeapBaseMinAddress
#     to set the Java Heap base and to place the Java Heap above 32GB virtual address.
# This output file may be truncated or incomplete.
#
#  Out of Memory Error (os_windows.cpp:3527), pid=7624, tid=31832
#
# JRE version: Java(TM) SE Runtime Environment (19.0+36) (build 19+36-2238)
# Java VM: Java HotSpot(TM) 64-Bit Server VM (19+36-2238, mixed mode, sharing, tiered, compressed oops, compressed class ptrs, g1 gc, windows-amd64)
# No core dump will be written. Minidumps are not enabled by default on client versions of Windows
#

---------------  S U M M A R Y ------------

Command Line: -Dcompose.application.configure.swing.globals=true -Dcompose.application.resources.dir=C:\Projetos\workspace\TrustTerm\composeApp\build\compose\tmp\prepareAppResources -Dfile.encoding=UTF-8 -Duser.country=BR -Duser.language=pt -Duser.variant br.com.ic2tech.trustterm.MainKt

Host: Intel(R) Core(TM) i5-10210U CPU @ 1.60GHz, 8 cores, 31G,  Windows 10 , 64 bit Build 19041 (10.0.19041.3031)
Time: Wed Mar 12 16:24:19 2025 Hora oficial do Brasil elapsed time: 7.620378 seconds (0d 0h 0m 7s)

---------------  T H R E A D  ---------------

Current thread (0x0000024a5c607740):  VMThread "VM Thread" [stack: 0x000000e636f00000,0x000000e637000000] [id=31832]

Stack: [0x000000e636f00000,0x000000e637000000]
Native frames: (J=compiled Java code, j=interpreted, Vv=VM code, C=native code)
V  [jvm.dll+0x6ee8fa]
V  [jvm.dll+0x857a1e]
V  [jvm.dll+0x85940e]
V  [jvm.dll+0x859ac3]
V  [jvm.dll+0x28291f]
V  [jvm.dll+0x6eb6e9]
V  [jvm.dll+0x6e028a]
V  [jvm.dll+0x357136]
V  [jvm.dll+0x35eb96]
V  [jvm.dll+0x3b555e]
V  [jvm.dll+0x3b578f]
V  [jvm.dll+0x32c6ea]
V  [jvm.dll+0x32c797]
V  [jvm.dll+0x374b52]
V  [jvm.dll+0x37328f]
V  [jvm.dll+0x32bf10]
V  [jvm.dll+0x37282b]
V  [jvm.dll+0x85ef83]
V  [jvm.dll+0x85fd49]
V  [jvm.dll+0x86027d]
V  [jvm.dll+0x86070b]
V  [jvm.dll+0x8607c7]
V  [jvm.dll+0x8015fa]
V  [jvm.dll+0x6ed5eb]
C  [ucrtbase.dll+0x21bb2]
C  [KERNEL32.DLL+0x17614]
C  [ntdll.dll+0x526f1]

VM_Operation (0x000000e6385fa3b0): G1CollectForAllocation, mode: safepoint, requested by thread 0x0000024a63692b70


---------------  P R O C E S S  ---------------

Threads class SMR info:
_java_thread_list=0x0000024a662c4850, length=21, elements={
0x0000024a3240e380, 0x0000024a5c61a9c0, 0x0000024a5c61b6b0, 0x0000024a5c629d20,
0x0000024a5c62c760, 0x0000024a5c62d090, 0x0000024a5c62db00, 0x0000024a5c633f30,
0x0000024a5c63f8d0, 0x0000024a5c64aa60, 0x0000024a5f06b8c0, 0x0000024a5f071c70,
0x0000024a63595ed0, 0x0000024a63596410, 0x0000024a63596950, 0x0000024a636c26d0,
0x0000024a636c3840, 0x0000024a636c3d80, 0x0000024a636bbf70, 0x0000024a636940b0,
0x0000024a63692b70
}

Java Threads: ( => current thread )
  0x0000024a3240e380 JavaThread "main" [_thread_blocked, id=12840, stack(0x000000e636900000,0x000000e636a00000)]
  0x0000024a5c61a9c0 JavaThread "Reference Handler" daemon [_thread_blocked, id=14012, stack(0x000000e637000000,0x000000e637100000)]
  0x0000024a5c61b6b0 JavaThread "Finalizer" daemon [_thread_blocked, id=24940, stack(0x000000e637100000,0x000000e637200000)]
  0x0000024a5c629d20 JavaThread "Signal Dispatcher" daemon [_thread_blocked, id=29348, stack(0x000000e637200000,0x000000e637300000)]
  0x0000024a5c62c760 JavaThread "Attach Listener" daemon [_thread_blocked, id=21188, stack(0x000000e637300000,0x000000e637400000)]
  0x0000024a5c62d090 JavaThread "Service Thread" daemon [_thread_blocked, id=25900, stack(0x000000e637400000,0x000000e637500000)]
  0x0000024a5c62db00 JavaThread "Monitor Deflation Thread" daemon [_thread_blocked, id=29148, stack(0x000000e637500000,0x000000e637600000)]
  0x0000024a5c633f30 JavaThread "C2 CompilerThread0" daemon [_thread_blocked, id=27492, stack(0x000000e637600000,0x000000e637700000)]
  0x0000024a5c63f8d0 JavaThread "C1 CompilerThread0" daemon [_thread_blocked, id=24404, stack(0x000000e637700000,0x000000e637800000)]
  0x0000024a5c64aa60 JavaThread "Sweeper thread" daemon [_thread_blocked, id=24668, stack(0x000000e637800000,0x000000e637900000)]
  0x0000024a5f06b8c0 JavaThread "Notification Thread" daemon [_thread_blocked, id=31308, stack(0x000000e637900000,0x000000e637a00000)]
  0x0000024a5f071c70 JavaThread "Common-Cleaner" daemon [_thread_blocked, id=20576, stack(0x000000e637b00000,0x000000e637c00000)]
  0x0000024a63595ed0 JavaThread "Java2D Disposer" daemon [_thread_blocked, id=6128, stack(0x000000e637c00000,0x000000e637d00000)]
  0x0000024a63596410 JavaThread "AWT-Shutdown" [_thread_blocked, id=24956, stack(0x000000e637d00000,0x000000e637e00000)]
  0x0000024a63596950 JavaThread "AWT-Windows" daemon [_thread_in_native, id=27472, stack(0x000000e637e00000,0x000000e637f00000)]
  0x0000024a636c26d0 JavaThread "DefaultDispatcher-worker-1" daemon [_thread_blocked, id=27100, stack(0x000000e637f00000,0x000000e638000000)]
  0x0000024a636c3840 JavaThread "DefaultDispatcher-worker-2" daemon [_thread_blocked, id=30060, stack(0x000000e638000000,0x000000e638100000)]
  0x0000024a636c3d80 JavaThread "DefaultDispatcher-worker-3" daemon [_thread_blocked, id=15500, stack(0x000000e638100000,0x000000e638200000)]
  0x0000024a636bbf70 JavaThread "Reference Cleaner" daemon [_thread_blocked, id=13060, stack(0x000000e638200000,0x000000e638300000)]
  0x0000024a636940b0 JavaThread "kotlinx.coroutines.DefaultExecutor" daemon [_thread_blocked, id=14828, stack(0x000000e638300000,0x000000e638400000)]
  0x0000024a63692b70 JavaThread "AWT-EventQueue-0" [_thread_blocked, id=23656, stack(0x000000e638500000,0x000000e638600000)]

Other Threads:
=>0x0000024a5c607740 VMThread "VM Thread" [stack: 0x000000e636f00000,0x000000e637000000] [id=31832]
  0x0000024a5f06de10 WatcherThread "VM Periodic Task Thread" [stack: 0x000000e637a00000,0x000000e637b00000] [id=3200]
  0x0000024a5c4a0a00 WorkerThread "GC Thread#0" [stack: 0x000000e636a00000,0x000000e636b00000] [id=1316]
  0x0000024a63a0d670 WorkerThread "GC Thread#1" [stack: 0x000000e638600000,0x000000e638700000] [id=19064]
  0x0000024a63a0ce00 WorkerThread "GC Thread#2" [stack: 0x000000e638700000,0x000000e638800000] [id=23796]
  0x0000024a63a0d0d0 WorkerThread "GC Thread#3" [stack: 0x000000e638800000,0x000000e638900000] [id=17460]
  0x0000024a63a0d3a0 WorkerThread "GC Thread#4" [stack: 0x000000e638900000,0x000000e638a00000] [id=30624]
  0x0000024a63a0d940 WorkerThread "GC Thread#5" [stack: 0x000000e638a00000,0x000000e638b00000] [id=25696]
  0x0000024a63a0cb30 WorkerThread "GC Thread#6" [stack: 0x000000e638b00000,0x000000e638c00000] [id=27152]
  0x0000024a63a0c860 WorkerThread "GC Thread#7" [stack: 0x000000e638c00000,0x000000e638d00000] [id=30676]
  0x0000024a3248c310 ConcurrentGCThread "G1 Main Marker" [stack: 0x000000e636b00000,0x000000e636c00000] [id=32004]
  0x0000024a3248db90 WorkerThread "G1 Conc#0" [stack: 0x000000e636c00000,0x000000e636d00000] [id=27624]
  0x0000024a5c538530 ConcurrentGCThread "G1 Refine#0" [stack: 0x000000e636d00000,0x000000e636e00000] [id=32580]
  0x0000024a5c53af90 ConcurrentGCThread "G1 Service" [stack: 0x000000e636e00000,0x000000e636f00000] [id=29500]

Threads with active compile tasks:

VM state: at safepoint (normal execution)

VM Mutex/Monitor currently owned by a thread:  ([mutex/lock_event])
[0x0000024a3240a120] Threads_lock - owner thread: 0x0000024a5c607740
[0x0000024a3240a6c0] Heap_lock - owner thread: 0x0000024a63692b70

Heap address: 0x0000000603800000, size: 8136 MB, Compressed Oops mode: Zero based, Oop shift amount: 3

CDS archive(s) mapped at: [0x0000000800000000-0x0000000800c40000-0x0000000800c40000), size 12845056, SharedBaseAddress: 0x0000000800000000, ArchiveRelocationMode: 0.
Compressed class space mapped at: 0x0000000801000000-0x0000000841000000, reserved size: 1073741824
Narrow klass base: 0x0000000800000000, Narrow klass shift: 0, Narrow klass range: 0x100000000

GC Precious Log:
 CardTable entry size: 512
 Card Set container configuration: InlinePtr #cards 4 size 8 Array Of Cards #cards 16 size 48 Howl #buckets 8 coarsen threshold 7372 Howl Bitmap #cards 1024 size 144 coarsen threshold 921 Card regions per heap region 1 cards per card region 8192
 CPUs: 8 total, 8 available
 Memory: 32528M
 Large Page Support: Disabled
 NUMA Support: Disabled
 Compressed Oops: Enabled (Zero based)
 Heap Region Size: 4M
 Heap Min Capacity: 8M
 Heap Initial Capacity: 512M
 Heap Max Capacity: 8136M
 Pre-touch: Disabled
 Parallel Workers: 8
 Concurrent Workers: 2
 Concurrent Refinement Workers: 8
 Periodic GC: Disabled

Heap:
 garbage-first heap   total 1257472K, used 13744K [0x0000000603800000, 0x0000000800000000)
  region size 4096K, 2 young (8192K), 2 survivors (8192K)
 Metaspace       used 17261K, committed 17536K, reserved 1114112K
  class space    used 1681K, committed 1792K, reserved 1048576K

Heap Regions: E=young(eden), S=young(survivor), O=old, HS=humongous(starts), HC=humongous(continues), CS=collection set, F=free, OA=open archive, CA=closed archive, TAMS=top-at-mark-start (previous, next)
|   0|0x0000000603800000, 0x0000000603c00000, 0x0000000603c00000|100%| O|  |TAMS 0x0000000603800000, 0x0000000603800000| Untracked 
|   1|0x0000000603c00000, 0x0000000604000000, 0x0000000604000000|100%| O|  |TAMS 0x0000000603c00000, 0x0000000603c00000| Untracked 
|   2|0x0000000604000000, 0x000000060404e400, 0x0000000604400000|  7%| O|  |TAMS 0x0000000604000000, 0x0000000604000000| Untracked 
|   3|0x0000000604400000, 0x0000000604400000, 0x0000000604800000|  0%| F|  |TAMS 0x0000000604400000, 0x0000000604400000| Untracked 
|   4|0x0000000604800000, 0x0000000604800000, 0x0000000604c00000|  0%| F|  |TAMS 0x0000000604800000, 0x0000000604800000| Untracked 
|   5|0x0000000604c00000, 0x0000000604c00000, 0x0000000605000000|  0%| F|  |TAMS 0x0000000604c00000, 0x0000000604c00000| Untracked 
|   6|0x0000000605000000, 0x0000000605000000, 0x0000000605400000|  0%| F|  |TAMS 0x0000000605000000, 0x0000000605000000| Untracked 
|   7|0x0000000605400000, 0x0000000605400000, 0x0000000605800000|  0%| F|  |TAMS 0x0000000605400000, 0x0000000605400000| Untracked 
|   8|0x0000000605800000, 0x0000000605800000, 0x0000000605c00000|  0%| F|  |TAMS 0x0000000605800000, 0x0000000605800000| Untracked 
|   9|0x0000000605c00000, 0x0000000605c00000, 0x0000000606000000|  0%| F|  |TAMS 0x0000000605c00000, 0x0000000605c00000| Untracked 
|  10|0x0000000606000000, 0x0000000606000000, 0x0000000606400000|  0%| F|  |TAMS 0x0000000606000000, 0x0000000606000000| Untracked 
|  11|0x0000000606400000, 0x0000000606400000, 0x0000000606800000|  0%| F|  |TAMS 0x0000000606400000, 0x0000000606400000| Untracked 
|  12|0x0000000606800000, 0x0000000606800000, 0x0000000606c00000|  0%| F|  |TAMS 0x0000000606800000, 0x0000000606800000| Untracked 
|  13|0x0000000606c00000, 0x0000000606c00000, 0x0000000607000000|  0%| F|  |TAMS 0x0000000606c00000, 0x0000000606c00000| Untracked 
|  14|0x0000000607000000, 0x0000000607000000, 0x0000000607400000|  0%| F|  |TAMS 0x0000000607000000, 0x0000000607000000| Untracked 
|  15|0x0000000607400000, 0x0000000607400000, 0x0000000607800000|  0%| F|  |TAMS 0x0000000607400000, 0x0000000607400000| Untracked 
|  16|0x0000000607800000, 0x0000000607800000, 0x0000000607c00000|  0%| F|  |TAMS 0x0000000607800000, 0x0000000607800000| Untracked 
|  17|0x0000000607c00000, 0x0000000607c00000, 0x0000000608000000|  0%| F|  |TAMS 0x0000000607c00000, 0x0000000607c00000| Untracked 
|  18|0x0000000608000000, 0x0000000608000000, 0x0000000608400000|  0%| F|  |TAMS 0x0000000608000000, 0x0000000608000000| Untracked 
|  19|0x0000000608400000, 0x0000000608400000, 0x0000000608800000|  0%| F|  |TAMS 0x0000000608400000, 0x0000000608400000| Untracked 
|  20|0x0000000608800000, 0x0000000608800000, 0x0000000608c00000|  0%| F|  |TAMS 0x0000000608800000, 0x0000000608800000| Untracked 
|  21|0x0000000608c00000, 0x0000000608c00000, 0x0000000609000000|  0%| F|  |TAMS 0x0000000608c00000, 0x0000000608c00000| Untracked 
|  22|0x0000000609000000, 0x0000000609000000, 0x0000000609400000|  0%| F|  |TAMS 0x0000000609000000, 0x0000000609000000| Untracked 
|  23|0x0000000609400000, 0x0000000609400000, 0x0000000609800000|  0%| F|  |TAMS 0x0000000609400000, 0x0000000609400000| Untracked 
|  24|0x0000000609800000, 0x0000000609800000, 0x0000000609c00000|  0%| F|  |TAMS 0x0000000609800000, 0x0000000609800000| Untracked 
|  25|0x0000000609c00000, 0x0000000609c00000, 0x000000060a000000|  0%| F|  |TAMS 0x0000000609c00000, 0x0000000609c00000| Untracked 
|  26|0x000000060a000000, 0x000000060a000000, 0x000000060a400000|  0%| F|  |TAMS 0x000000060a000000, 0x000000060a000000| Untracked 
|  27|0x000000060a400000, 0x000000060a400000, 0x000000060a800000|  0%| F|  |TAMS 0x000000060a400000, 0x000000060a400000| Untracked 
|  28|0x000000060a800000, 0x000000060a800000, 0x000000060ac00000|  0%| F|  |TAMS 0x000000060a800000, 0x000000060a800000| Untracked 
|  29|0x000000060ac00000, 0x000000060ac00000, 0x000000060b000000|  0%| F|  |TAMS 0x000000060ac00000, 0x000000060ac00000| Untracked 
|  30|0x000000060b000000, 0x000000060b000000, 0x000000060b400000|  0%| F|  |TAMS 0x000000060b000000, 0x000000060b000000| Untracked 
|  31|0x000000060b400000, 0x000000060b400000, 0x000000060b800000|  0%| F|  |TAMS 0x000000060b400000, 0x000000060b400000| Untracked 
|  32|0x000000060b800000, 0x000000060b800000, 0x000000060bc00000|  0%| F|  |TAMS 0x000000060b800000, 0x000000060b800000| Untracked 
|  33|0x000000060bc00000, 0x000000060bc00000, 0x000000060c000000|  0%| F|  |TAMS 0x000000060bc00000, 0x000000060bc00000| Untracked 
|  34|0x000000060c000000, 0x000000060c000000, 0x000000060c400000|  0%| F|  |TAMS 0x000000060c000000, 0x000000060c000000| Untracked 
|  35|0x000000060c400000, 0x000000060c400000, 0x000000060c800000|  0%| F|  |TAMS 0x000000060c400000, 0x000000060c400000| Untracked 
|  36|0x000000060c800000, 0x000000060c800000, 0x000000060cc00000|  0%| F|  |TAMS 0x000000060c800000, 0x000000060c800000| Untracked 
|  37|0x000000060cc00000, 0x000000060cc00000, 0x000000060d000000|  0%| F|  |TAMS 0x000000060cc00000, 0x000000060cc00000| Untracked 
|  38|0x000000060d000000, 0x000000060d000000, 0x000000060d400000|  0%| F|  |TAMS 0x000000060d000000, 0x000000060d000000| Untracked 
|  39|0x000000060d400000, 0x000000060d400000, 0x000000060d800000|  0%| F|  |TAMS 0x000000060d400000, 0x000000060d400000| Untracked 
|  40|0x000000060d800000, 0x000000060d800000, 0x000000060dc00000|  0%| F|  |TAMS 0x000000060d800000, 0x000000060d800000| Untracked 
|  41|0x000000060dc00000, 0x000000060dc00000, 0x000000060e000000|  0%| F|  |TAMS 0x000000060dc00000, 0x000000060dc00000| Untracked 
|  42|0x000000060e000000, 0x000000060e000000, 0x000000060e400000|  0%| F|  |TAMS 0x000000060e000000, 0x000000060e000000| Untracked 
|  43|0x000000060e400000, 0x000000060e400000, 0x000000060e800000|  0%| F|  |TAMS 0x000000060e400000, 0x000000060e400000| Untracked 
|  44|0x000000060e800000, 0x000000060e800000, 0x000000060ec00000|  0%| F|  |TAMS 0x000000060e800000, 0x000000060e800000| Untracked 
|  45|0x000000060ec00000, 0x000000060ec00000, 0x000000060f000000|  0%| F|  |TAMS 0x000000060ec00000, 0x000000060ec00000| Untracked 
|  46|0x000000060f000000, 0x000000060f000000, 0x000000060f400000|  0%| F|  |TAMS 0x000000060f000000, 0x000000060f000000| Untracked 
|  47|0x000000060f400000, 0x000000060f400000, 0x000000060f800000|  0%| F|  |TAMS 0x000000060f400000, 0x000000060f400000| Untracked 
|  48|0x000000060f800000, 0x000000060f800000, 0x000000060fc00000|  0%| F|  |TAMS 0x000000060f800000, 0x000000060f800000| Untracked 
|  49|0x000000060fc00000, 0x000000060fc00000, 0x0000000610000000|  0%| F|  |TAMS 0x000000060fc00000, 0x000000060fc00000| Untracked 
|  50|0x0000000610000000, 0x0000000610000000, 0x0000000610400000|  0%| F|  |TAMS 0x0000000610000000, 0x0000000610000000| Untracked 
|  51|0x0000000610400000, 0x0000000610400000, 0x0000000610800000|  0%| F|  |TAMS 0x0000000610400000, 0x0000000610400000| Untracked 
|  52|0x0000000610800000, 0x0000000610800000, 0x0000000610c00000|  0%| F|  |TAMS 0x0000000610800000, 0x0000000610800000| Untracked 
|  53|0x0000000610c00000, 0x0000000610c00000, 0x0000000611000000|  0%| F|  |TAMS 0x0000000610c00000, 0x0000000610c00000| Untracked 
|  54|0x0000000611000000, 0x0000000611000000, 0x0000000611400000|  0%| F|  |TAMS 0x0000000611000000, 0x0000000611000000| Untracked 
|  55|0x0000000611400000, 0x0000000611400000, 0x0000000611800000|  0%| F|  |TAMS 0x0000000611400000, 0x0000000611400000| Untracked 
|  56|0x0000000611800000, 0x0000000611800000, 0x0000000611c00000|  0%| F|  |TAMS 0x0000000611800000, 0x0000000611800000| Untracked 
|  57|0x0000000611c00000, 0x0000000611c00000, 0x0000000612000000|  0%| F|  |TAMS 0x0000000611c00000, 0x0000000611c00000| Untracked 
|  58|0x0000000612000000, 0x0000000612000000, 0x0000000612400000|  0%| F|  |TAMS 0x0000000612000000, 0x0000000612000000| Untracked 
|  59|0x0000000612400000, 0x0000000612400000, 0x0000000612800000|  0%| F|  |TAMS 0x0000000612400000, 0x0000000612400000| Untracked 
|  60|0x0000000612800000, 0x0000000612800000, 0x0000000612c00000|  0%| F|  |TAMS 0x0000000612800000, 0x0000000612800000| Untracked 
|  61|0x0000000612c00000, 0x0000000612c00000, 0x0000000613000000|  0%| F|  |TAMS 0x0000000612c00000, 0x0000000612c00000| Untracked 
|  62|0x0000000613000000, 0x0000000613000000, 0x0000000613400000|  0%| F|  |TAMS 0x0000000613000000, 0x0000000613000000| Untracked 
|  63|0x0000000613400000, 0x0000000613400000, 0x0000000613800000|  0%| F|  |TAMS 0x0000000613400000, 0x0000000613400000| Untracked 
|  64|0x0000000613800000, 0x0000000613800000, 0x0000000613c00000|  0%| F|  |TAMS 0x0000000613800000, 0x0000000613800000| Untracked 
|  65|0x0000000613c00000, 0x0000000613c00000, 0x0000000614000000|  0%| F|  |TAMS 0x0000000613c00000, 0x0000000613c00000| Untracked 
|  66|0x0000000614000000, 0x0000000614000000, 0x0000000614400000|  0%| F|  |TAMS 0x0000000614000000, 0x0000000614000000| Untracked 
|  67|0x0000000614400000, 0x0000000614400000, 0x0000000614800000|  0%| F|  |TAMS 0x0000000614400000, 0x0000000614400000| Untracked 
|  68|0x0000000614800000, 0x0000000614800000, 0x0000000614c00000|  0%| F|  |TAMS 0x0000000614800000, 0x0000000614800000| Untracked 
|  69|0x0000000614c00000, 0x0000000614c00000, 0x0000000615000000|  0%| F|  |TAMS 0x0000000614c00000, 0x0000000614c00000| Untracked 
|  70|0x0000000615000000, 0x0000000615000000, 0x0000000615400000|  0%| F|  |TAMS 0x0000000615000000, 0x0000000615000000| Untracked 
|  71|0x0000000615400000, 0x0000000615400000, 0x0000000615800000|  0%| F|  |TAMS 0x0000000615400000, 0x0000000615400000| Untracked 
|  72|0x0000000615800000, 0x0000000615800000, 0x0000000615c00000|  0%| F|  |TAMS 0x0000000615800000, 0x0000000615800000| Untracked 
|  73|0x0000000615c00000, 0x0000000615c00000, 0x0000000616000000|  0%| F|  |TAMS 0x0000000615c00000, 0x0000000615c00000| Untracked 
|  74|0x0000000616000000, 0x0000000616000000, 0x0000000616400000|  0%| F|  |TAMS 0x0000000616000000, 0x0000000616000000| Untracked 
|  75|0x0000000616400000, 0x0000000616400000, 0x0000000616800000|  0%| F|  |TAMS 0x0000000616400000, 0x0000000616400000| Untracked 
|  76|0x0000000616800000, 0x0000000616800000, 0x0000000616c00000|  0%| F|  |TAMS 0x0000000616800000, 0x0000000616800000| Untracked 
|  77|0x0000000616c00000, 0x0000000616c00000, 0x0000000617000000|  0%| F|  |TAMS 0x0000000616c00000, 0x0000000616c00000| Untracked 
|  78|0x0000000617000000, 0x0000000617000000, 0x0000000617400000|  0%| F|  |TAMS 0x0000000617000000, 0x0000000617000000| Untracked 
|  79|0x0000000617400000, 0x0000000617400000, 0x0000000617800000|  0%| F|  |TAMS 0x0000000617400000, 0x0000000617400000| Untracked 
|  80|0x0000000617800000, 0x0000000617800000, 0x0000000617c00000|  0%| F|  |TAMS 0x0000000617800000, 0x0000000617800000| Untracked 
|  81|0x0000000617c00000, 0x0000000617c00000, 0x0000000618000000|  0%| F|  |TAMS 0x0000000617c00000, 0x0000000617c00000| Untracked 
|  82|0x0000000618000000, 0x0000000618000000, 0x0000000618400000|  0%| F|  |TAMS 0x0000000618000000, 0x0000000618000000| Untracked 
|  83|0x0000000618400000, 0x0000000618400000, 0x0000000618800000|  0%| F|  |TAMS 0x0000000618400000, 0x0000000618400000| Untracked 
|  84|0x0000000618800000, 0x0000000618800000, 0x0000000618c00000|  0%| F|  |TAMS 0x0000000618800000, 0x0000000618800000| Untracked 
|  85|0x0000000618c00000, 0x0000000618c00000, 0x0000000619000000|  0%| F|  |TAMS 0x0000000618c00000, 0x0000000618c00000| Untracked 
|  86|0x0000000619000000, 0x0000000619000000, 0x0000000619400000|  0%| F|  |TAMS 0x0000000619000000, 0x0000000619000000| Untracked 
|  87|0x0000000619400000, 0x0000000619400000, 0x0000000619800000|  0%| F|  |TAMS 0x0000000619400000, 0x0000000619400000| Untracked 
|  88|0x0000000619800000, 0x0000000619800000, 0x0000000619c00000|  0%| F|  |TAMS 0x0000000619800000, 0x0000000619800000| Untracked 
|  89|0x0000000619c00000, 0x0000000619c00000, 0x000000061a000000|  0%| F|  |TAMS 0x0000000619c00000, 0x0000000619c00000| Untracked 
|  90|0x000000061a000000, 0x000000061a000000, 0x000000061a400000|  0%| F|  |TAMS 0x000000061a000000, 0x000000061a000000| Untracked 
|  91|0x000000061a400000, 0x000000061a400000, 0x000000061a800000|  0%| F|  |TAMS 0x000000061a400000, 0x000000061a400000| Untracked 
|  92|0x000000061a800000, 0x000000061a800000, 0x000000061ac00000|  0%| F|  |TAMS 0x000000061a800000, 0x000000061a800000| Untracked 
|  93|0x000000061ac00000, 0x000000061ac00000, 0x000000061b000000|  0%| F|  |TAMS 0x000000061ac00000, 0x000000061ac00000| Untracked 
|  94|0x000000061b000000, 0x000000061b000000, 0x000000061b400000|  0%| F|  |TAMS 0x000000061b000000, 0x000000061b000000| Untracked 
|  95|0x000000061b400000, 0x000000061b400000, 0x000000061b800000|  0%| F|  |TAMS 0x000000061b400000, 0x000000061b400000| Untracked 
|  96|0x000000061b800000, 0x000000061b800000, 0x000000061bc00000|  0%| F|  |TAMS 0x000000061b800000, 0x000000061b800000| Untracked 
|  97|0x000000061bc00000, 0x000000061bc00000, 0x000000061c000000|  0%| F|  |TAMS 0x000000061bc00000, 0x000000061bc00000| Untracked 
|  98|0x000000061c000000, 0x000000061c000000, 0x000000061c400000|  0%| F|  |TAMS 0x000000061c000000, 0x000000061c000000| Untracked 
|  99|0x000000061c400000, 0x000000061c400000, 0x000000061c800000|  0%| F|  |TAMS 0x000000061c400000, 0x000000061c400000| Untracked 
| 100|0x000000061c800000, 0x000000061c800000, 0x000000061cc00000|  0%| F|  |TAMS 0x000000061c800000, 0x000000061c800000| Untracked 
| 101|0x000000061cc00000, 0x000000061cc00000, 0x000000061d000000|  0%| F|  |TAMS 0x000000061cc00000, 0x000000061cc00000| Untracked 
| 102|0x000000061d000000, 0x000000061d000000, 0x000000061d400000|  0%| F|  |TAMS 0x000000061d000000, 0x000000061d000000| Untracked 
| 103|0x000000061d400000, 0x000000061d400000, 0x000000061d800000|  0%| F|  |TAMS 0x000000061d400000, 0x000000061d400000| Untracked 
| 104|0x000000061d800000, 0x000000061d800000, 0x000000061dc00000|  0%| F|  |TAMS 0x000000061d800000, 0x000000061d800000| Untracked 
| 105|0x000000061dc00000, 0x000000061dc00000, 0x000000061e000000|  0%| F|  |TAMS 0x000000061dc00000, 0x000000061dc00000| Untracked 
| 106|0x000000061e000000, 0x000000061e000000, 0x000000061e400000|  0%| F|  |TAMS 0x000000061e000000, 0x000000061e000000| Untracked 
| 107|0x000000061e400000, 0x000000061e400000, 0x000000061e800000|  0%| F|  |TAMS 0x000000061e400000, 0x000000061e400000| Untracked 
| 108|0x000000061e800000, 0x000000061e800000, 0x000000061ec00000|  0%| F|  |TAMS 0x000000061e800000, 0x000000061e800000| Untracked 
| 109|0x000000061ec00000, 0x000000061ec00000, 0x000000061f000000|  0%| F|  |TAMS 0x000000061ec00000, 0x000000061ec00000| Untracked 
| 110|0x000000061f000000, 0x000000061f000000, 0x000000061f400000|  0%| F|  |TAMS 0x000000061f000000, 0x000000061f000000| Untracked 
| 111|0x000000061f400000, 0x000000061f400000, 0x000000061f800000|  0%| F|  |TAMS 0x000000061f400000, 0x000000061f400000| Untracked 
| 112|0x000000061f800000, 0x000000061f800000, 0x000000061fc00000|  0%| F|  |TAMS 0x000000061f800000, 0x000000061f800000| Untracked 
| 113|0x000000061fc00000, 0x000000061fc00000, 0x0000000620000000|  0%| F|  |TAMS 0x000000061fc00000, 0x000000061fc00000| Untracked 
| 114|0x0000000620000000, 0x0000000620000000, 0x0000000620400000|  0%| F|  |TAMS 0x0000000620000000, 0x0000000620000000| Untracked 
| 115|0x0000000620400000, 0x0000000620400000, 0x0000000620800000|  0%| F|  |TAMS 0x0000000620400000, 0x0000000620400000| Untracked 
| 116|0x0000000620800000, 0x0000000620800000, 0x0000000620c00000|  0%| F|  |TAMS 0x0000000620800000, 0x0000000620800000| Untracked 
| 117|0x0000000620c00000, 0x0000000620c00000, 0x0000000621000000|  0%| F|  |TAMS 0x0000000620c00000, 0x0000000620c00000| Untracked 
| 118|0x0000000621000000, 0x0000000621000000, 0x0000000621400000|  0%| F|  |TAMS 0x0000000621000000, 0x0000000621000000| Untracked 
| 119|0x0000000621400000, 0x0000000621400000, 0x0000000621800000|  0%| F|  |TAMS 0x0000000621400000, 0x0000000621400000| Untracked 
| 120|0x0000000621800000, 0x0000000621800000, 0x0000000621c00000|  0%| F|  |TAMS 0x0000000621800000, 0x0000000621800000| Untracked 
| 121|0x0000000621c00000, 0x0000000621c00000, 0x0000000622000000|  0%| F|  |TAMS 0x0000000621c00000, 0x0000000621c00000| Untracked 
| 122|0x0000000622000000, 0x0000000622000000, 0x0000000622400000|  0%| F|  |TAMS 0x0000000622000000, 0x0000000622000000| Untracked 
| 123|0x0000000622400000, 0x000000062251dfa8, 0x0000000622800000| 27%| S|CS|TAMS 0x0000000622400000, 0x0000000622400000| Complete 
| 124|0x0000000622800000, 0x0000000622c00000, 0x0000000622c00000|100%| S|CS|TAMS 0x0000000622800000, 0x0000000622800000| Complete 
| 125|0x0000000622c00000, 0x0000000622c00000, 0x0000000623000000|  0%| F|  |TAMS 0x0000000622c00000, 0x0000000622c00000| Untracked 
| 126|0x0000000623000000, 0x0000000623000000, 0x0000000623400000|  0%| F|  |TAMS 0x0000000623000000, 0x0000000623000000| Untracked 
| 127|0x0000000623400000, 0x0000000623400000, 0x0000000623800000|  0%| F|  |TAMS 0x0000000623400000, 0x0000000623400000| Untracked 
| 128|0x0000000623800000, 0x0000000623800000, 0x0000000623c00000|  0%| F|  |TAMS 0x0000000623800000, 0x0000000623800000| Untracked 
| 129|0x0000000623c00000, 0x0000000623c00000, 0x0000000624000000|  0%| F|  |TAMS 0x0000000623c00000, 0x0000000623c00000| Untracked 
| 130|0x0000000624000000, 0x0000000624000000, 0x0000000624400000|  0%| F|  |TAMS 0x0000000624000000, 0x0000000624000000| Untracked 
| 131|0x0000000624400000, 0x0000000624400000, 0x0000000624800000|  0%| F|  |TAMS 0x0000000624400000, 0x0000000624400000| Untracked 
| 132|0x0000000624800000, 0x0000000624800000, 0x0000000624c00000|  0%| F|  |TAMS 0x0000000624800000, 0x0000000624800000| Untracked 
| 133|0x0000000624c00000, 0x0000000624c00000, 0x0000000625000000|  0%| F|  |TAMS 0x0000000624c00000, 0x0000000624c00000| Untracked 
| 134|0x0000000625000000, 0x0000000625000000, 0x0000000625400000|  0%| F|  |TAMS 0x0000000625000000, 0x0000000625000000| Untracked 
| 135|0x0000000625400000, 0x0000000625400000, 0x0000000625800000|  0%| F|  |TAMS 0x0000000625400000, 0x0000000625400000| Untracked 
| 136|0x0000000625800000, 0x0000000625800000, 0x0000000625c00000|  0%| F|  |TAMS 0x0000000625800000, 0x0000000625800000| Untracked 
| 137|0x0000000625c00000, 0x0000000625c00000, 0x0000000626000000|  0%| F|  |TAMS 0x0000000625c00000, 0x0000000625c00000| Untracked 
| 138|0x0000000626000000, 0x0000000626000000, 0x0000000626400000|  0%| F|  |TAMS 0x0000000626000000, 0x0000000626000000| Untracked 
| 139|0x0000000626400000, 0x0000000626400000, 0x0000000626800000|  0%| F|  |TAMS 0x0000000626400000, 0x0000000626400000| Untracked 
| 140|0x0000000626800000, 0x0000000626800000, 0x0000000626c00000|  0%| F|  |TAMS 0x0000000626800000, 0x0000000626800000| Untracked 
| 141|0x0000000626c00000, 0x0000000626c00000, 0x0000000627000000|  0%| F|  |TAMS 0x0000000626c00000, 0x0000000626c00000| Untracked 
| 142|0x0000000627000000, 0x0000000627000000, 0x0000000627400000|  0%| F|  |TAMS 0x0000000627000000, 0x0000000627000000| Untracked 
| 143|0x0000000627400000, 0x0000000627400000, 0x0000000627800000|  0%| F|  |TAMS 0x0000000627400000, 0x0000000627400000| Untracked 
| 144|0x0000000627800000, 0x0000000627800000, 0x0000000627c00000|  0%| F|  |TAMS 0x0000000627800000, 0x0000000627800000| Untracked 
| 145|0x0000000627c00000, 0x0000000627c00000, 0x0000000628000000|  0%| F|  |TAMS 0x0000000627c00000, 0x0000000627c00000| Untracked 
| 146|0x0000000628000000, 0x0000000628000000, 0x0000000628400000|  0%| F|  |TAMS 0x0000000628000000, 0x0000000628000000| Untracked 
| 147|0x0000000628400000, 0x0000000628400000, 0x0000000628800000|  0%| F|  |TAMS 0x0000000628400000, 0x0000000628400000| Untracked 
| 148|0x0000000628800000, 0x0000000628800000, 0x0000000628c00000|  0%| F|  |TAMS 0x0000000628800000, 0x0000000628800000| Untracked 
| 149|0x0000000628c00000, 0x0000000628c00000, 0x0000000629000000|  0%| F|  |TAMS 0x0000000628c00000, 0x0000000628c00000| Untracked 
| 150|0x0000000629000000, 0x0000000629000000, 0x0000000629400000|  0%| F|  |TAMS 0x0000000629000000, 0x0000000629000000| Untracked 
| 151|0x0000000629400000, 0x0000000629400000, 0x0000000629800000|  0%| F|  |TAMS 0x0000000629400000, 0x0000000629400000| Untracked 
| 152|0x0000000629800000, 0x0000000629800000, 0x0000000629c00000|  0%| F|  |TAMS 0x0000000629800000, 0x0000000629800000| Untracked 
| 153|0x0000000629c00000, 0x0000000629c00000, 0x000000062a000000|  0%| F|  |TAMS 0x0000000629c00000, 0x0000000629c00000| Untracked 
| 154|0x000000062a000000, 0x000000062a000000, 0x000000062a400000|  0%| F|  |TAMS 0x000000062a000000, 0x000000062a000000| Untracked 
| 155|0x000000062a400000, 0x000000062a400000, 0x000000062a800000|  0%| F|  |TAMS 0x000000062a400000, 0x000000062a400000| Untracked 
| 156|0x000000062a800000, 0x000000062a800000, 0x000000062ac00000|  0%| F|  |TAMS 0x000000062a800000, 0x000000062a800000| Untracked 
| 157|0x000000062ac00000, 0x000000062ac00000, 0x000000062b000000|  0%| F|  |TAMS 0x000000062ac00000, 0x000000062ac00000| Untracked 
| 158|0x000000062b000000, 0x000000062b000000, 0x000000062b400000|  0%| F|  |TAMS 0x000000062b000000, 0x000000062b000000| Untracked 
| 159|0x000000062b400000, 0x000000062b400000, 0x000000062b800000|  0%| F|  |TAMS 0x000000062b400000, 0x000000062b400000| Untracked 
| 160|0x000000062b800000, 0x000000062b800000, 0x000000062bc00000|  0%| F|  |TAMS 0x000000062b800000, 0x000000062b800000| Untracked 
| 161|0x000000062bc00000, 0x000000062bc00000, 0x000000062c000000|  0%| F|  |TAMS 0x000000062bc00000, 0x000000062bc00000| Untracked 
| 162|0x000000062c000000, 0x000000062c000000, 0x000000062c400000|  0%| F|  |TAMS 0x000000062c000000, 0x000000062c000000| Untracked 
| 163|0x000000062c400000, 0x000000062c400000, 0x000000062c800000|  0%| F|  |TAMS 0x000000062c400000, 0x000000062c400000| Untracked 
| 164|0x000000062c800000, 0x000000062c800000, 0x000000062cc00000|  0%| F|  |TAMS 0x000000062c800000, 0x000000062c800000| Untracked 
| 165|0x000000062cc00000, 0x000000062cc00000, 0x000000062d000000|  0%| F|  |TAMS 0x000000062cc00000, 0x000000062cc00000| Untracked 
| 166|0x000000062d000000, 0x000000062d000000, 0x000000062d400000|  0%| F|  |TAMS 0x000000062d000000, 0x000000062d000000| Untracked 
| 167|0x000000062d400000, 0x000000062d400000, 0x000000062d800000|  0%| F|  |TAMS 0x000000062d400000, 0x000000062d400000| Untracked 
| 168|0x000000062d800000, 0x000000062d800000, 0x000000062dc00000|  0%| F|  |TAMS 0x000000062d800000, 0x000000062d800000| Untracked 
| 169|0x000000062dc00000, 0x000000062dc00000, 0x000000062e000000|  0%| F|  |TAMS 0x000000062dc00000, 0x000000062dc00000| Untracked 
| 170|0x000000062e000000, 0x000000062e000000, 0x000000062e400000|  0%| F|  |TAMS 0x000000062e000000, 0x000000062e000000| Untracked 
| 171|0x000000062e400000, 0x000000062e400000, 0x000000062e800000|  0%| F|  |TAMS 0x000000062e400000, 0x000000062e400000| Untracked 
| 172|0x000000062e800000, 0x000000062e800000, 0x000000062ec00000|  0%| F|  |TAMS 0x000000062e800000, 0x000000062e800000| Untracked 
| 173|0x000000062ec00000, 0x000000062ec00000, 0x000000062f000000|  0%| F|  |TAMS 0x000000062ec00000, 0x000000062ec00000| Untracked 
| 174|0x000000062f000000, 0x000000062f000000, 0x000000062f400000|  0%| F|  |TAMS 0x000000062f000000, 0x000000062f000000| Untracked 
| 175|0x000000062f400000, 0x000000062f400000, 0x000000062f800000|  0%| F|  |TAMS 0x000000062f400000, 0x000000062f400000| Untracked 
| 176|0x000000062f800000, 0x000000062f800000, 0x000000062fc00000|  0%| F|  |TAMS 0x000000062f800000, 0x000000062f800000| Untracked 
| 177|0x000000062fc00000, 0x000000062fc00000, 0x0000000630000000|  0%| F|  |TAMS 0x000000062fc00000, 0x000000062fc00000| Untracked 
| 178|0x0000000630000000, 0x0000000630000000, 0x0000000630400000|  0%| F|  |TAMS 0x0000000630000000, 0x0000000630000000| Untracked 
| 179|0x0000000630400000, 0x0000000630400000, 0x0000000630800000|  0%| F|  |TAMS 0x0000000630400000, 0x0000000630400000| Untracked 
| 180|0x0000000630800000, 0x0000000630800000, 0x0000000630c00000|  0%| F|  |TAMS 0x0000000630800000, 0x0000000630800000| Untracked 
| 181|0x0000000630c00000, 0x0000000630c00000, 0x0000000631000000|  0%| F|  |TAMS 0x0000000630c00000, 0x0000000630c00000| Untracked 
| 182|0x0000000631000000, 0x0000000631000000, 0x0000000631400000|  0%| F|  |TAMS 0x0000000631000000, 0x0000000631000000| Untracked 
| 183|0x0000000631400000, 0x0000000631400000, 0x0000000631800000|  0%| F|  |TAMS 0x0000000631400000, 0x0000000631400000| Untracked 
| 184|0x0000000631800000, 0x0000000631800000, 0x0000000631c00000|  0%| F|  |TAMS 0x0000000631800000, 0x0000000631800000| Untracked 
| 185|0x0000000631c00000, 0x0000000631c00000, 0x0000000632000000|  0%| F|  |TAMS 0x0000000631c00000, 0x0000000631c00000| Untracked 
| 186|0x0000000632000000, 0x0000000632000000, 0x0000000632400000|  0%| F|  |TAMS 0x0000000632000000, 0x0000000632000000| Untracked 
| 187|0x0000000632400000, 0x0000000632400000, 0x0000000632800000|  0%| F|  |TAMS 0x0000000632400000, 0x0000000632400000| Untracked 
| 188|0x0000000632800000, 0x0000000632800000, 0x0000000632c00000|  0%| F|  |TAMS 0x0000000632800000, 0x0000000632800000| Untracked 
| 189|0x0000000632c00000, 0x0000000632c00000, 0x0000000633000000|  0%| F|  |TAMS 0x0000000632c00000, 0x0000000632c00000| Untracked 
| 190|0x0000000633000000, 0x0000000633000000, 0x0000000633400000|  0%| F|  |TAMS 0x0000000633000000, 0x0000000633000000| Untracked 
| 191|0x0000000633400000, 0x0000000633400000, 0x0000000633800000|  0%| F|  |TAMS 0x0000000633400000, 0x0000000633400000| Untracked 
| 192|0x0000000633800000, 0x0000000633800000, 0x0000000633c00000|  0%| F|  |TAMS 0x0000000633800000, 0x0000000633800000| Untracked 
| 193|0x0000000633c00000, 0x0000000633c00000, 0x0000000634000000|  0%| F|  |TAMS 0x0000000633c00000, 0x0000000633c00000| Untracked 
| 194|0x0000000634000000, 0x0000000634000000, 0x0000000634400000|  0%| F|  |TAMS 0x0000000634000000, 0x0000000634000000| Untracked 
| 195|0x0000000634400000, 0x0000000634400000, 0x0000000634800000|  0%| F|  |TAMS 0x0000000634400000, 0x0000000634400000| Untracked 
| 196|0x0000000634800000, 0x0000000634800000, 0x0000000634c00000|  0%| F|  |TAMS 0x0000000634800000, 0x0000000634800000| Untracked 
| 197|0x0000000634c00000, 0x0000000634c00000, 0x0000000635000000|  0%| F|  |TAMS 0x0000000634c00000, 0x0000000634c00000| Untracked 
| 198|0x0000000635000000, 0x0000000635000000, 0x0000000635400000|  0%| F|  |TAMS 0x0000000635000000, 0x0000000635000000| Untracked 
| 199|0x0000000635400000, 0x0000000635400000, 0x0000000635800000|  0%| F|  |TAMS 0x0000000635400000, 0x0000000635400000| Untracked 
| 200|0x0000000635800000, 0x0000000635800000, 0x0000000635c00000|  0%| F|  |TAMS 0x0000000635800000, 0x0000000635800000| Untracked 
| 201|0x0000000635c00000, 0x0000000635c00000, 0x0000000636000000|  0%| F|  |TAMS 0x0000000635c00000, 0x0000000635c00000| Untracked 
| 202|0x0000000636000000, 0x0000000636000000, 0x0000000636400000|  0%| F|  |TAMS 0x0000000636000000, 0x0000000636000000| Untracked 
| 203|0x0000000636400000, 0x0000000636400000, 0x0000000636800000|  0%| F|  |TAMS 0x0000000636400000, 0x0000000636400000| Untracked 
| 204|0x0000000636800000, 0x0000000636800000, 0x0000000636c00000|  0%| F|  |TAMS 0x0000000636800000, 0x0000000636800000| Untracked 
| 205|0x0000000636c00000, 0x0000000636c00000, 0x0000000637000000|  0%| F|  |TAMS 0x0000000636c00000, 0x0000000636c00000| Untracked 
| 206|0x0000000637000000, 0x0000000637000000, 0x0000000637400000|  0%| F|  |TAMS 0x0000000637000000, 0x0000000637000000| Untracked 
| 207|0x0000000637400000, 0x0000000637400000, 0x0000000637800000|  0%| F|  |TAMS 0x0000000637400000, 0x0000000637400000| Untracked 
| 208|0x0000000637800000, 0x0000000637800000, 0x0000000637c00000|  0%| F|  |TAMS 0x0000000637800000, 0x0000000637800000| Untracked 
| 209|0x0000000637c00000, 0x0000000637c00000, 0x0000000638000000|  0%| F|  |TAMS 0x0000000637c00000, 0x0000000637c00000| Untracked 
| 210|0x0000000638000000, 0x0000000638000000, 0x0000000638400000|  0%| F|  |TAMS 0x0000000638000000, 0x0000000638000000| Untracked 
| 211|0x0000000638400000, 0x0000000638400000, 0x0000000638800000|  0%| F|  |TAMS 0x0000000638400000, 0x0000000638400000| Untracked 
| 212|0x0000000638800000, 0x0000000638800000, 0x0000000638c00000|  0%| F|  |TAMS 0x0000000638800000, 0x0000000638800000| Untracked 
| 213|0x0000000638c00000, 0x0000000638c00000, 0x0000000639000000|  0%| F|  |TAMS 0x0000000638c00000, 0x0000000638c00000| Untracked 
| 214|0x0000000639000000, 0x0000000639000000, 0x0000000639400000|  0%| F|  |TAMS 0x0000000639000000, 0x0000000639000000| Untracked 
| 215|0x0000000639400000, 0x0000000639400000, 0x0000000639800000|  0%| F|  |TAMS 0x0000000639400000, 0x0000000639400000| Untracked 
| 216|0x0000000639800000, 0x0000000639800000, 0x0000000639c00000|  0%| F|  |TAMS 0x0000000639800000, 0x0000000639800000| Untracked 
| 217|0x0000000639c00000, 0x0000000639c00000, 0x000000063a000000|  0%| F|  |TAMS 0x0000000639c00000, 0x0000000639c00000| Untracked 
| 218|0x000000063a000000, 0x000000063a000000, 0x000000063a400000|  0%| F|  |TAMS 0x000000063a000000, 0x000000063a000000| Untracked 
| 219|0x000000063a400000, 0x000000063a400000, 0x000000063a800000|  0%| F|  |TAMS 0x000000063a400000, 0x000000063a400000| Untracked 
| 220|0x000000063a800000, 0x000000063a800000, 0x000000063ac00000|  0%| F|  |TAMS 0x000000063a800000, 0x000000063a800000| Untracked 
| 221|0x000000063ac00000, 0x000000063ac00000, 0x000000063b000000|  0%| F|  |TAMS 0x000000063ac00000, 0x000000063ac00000| Untracked 
| 222|0x000000063b000000, 0x000000063b000000, 0x000000063b400000|  0%| F|  |TAMS 0x000000063b000000, 0x000000063b000000| Untracked 
| 223|0x000000063b400000, 0x000000063b400000, 0x000000063b800000|  0%| F|  |TAMS 0x000000063b400000, 0x000000063b400000| Untracked 
| 224|0x000000063b800000, 0x000000063b800000, 0x000000063bc00000|  0%| F|  |TAMS 0x000000063b800000, 0x000000063b800000| Untracked 
| 225|0x000000063bc00000, 0x000000063bc00000, 0x000000063c000000|  0%| F|  |TAMS 0x000000063bc00000, 0x000000063bc00000| Untracked 
| 226|0x000000063c000000, 0x000000063c000000, 0x000000063c400000|  0%| F|  |TAMS 0x000000063c000000, 0x000000063c000000| Untracked 
| 227|0x000000063c400000, 0x000000063c400000, 0x000000063c800000|  0%| F|  |TAMS 0x000000063c400000, 0x000000063c400000| Untracked 
| 228|0x000000063c800000, 0x000000063c800000, 0x000000063cc00000|  0%| F|  |TAMS 0x000000063c800000, 0x000000063c800000| Untracked 
| 229|0x000000063cc00000, 0x000000063cc00000, 0x000000063d000000|  0%| F|  |TAMS 0x000000063cc00000, 0x000000063cc00000| Untracked 
| 230|0x000000063d000000, 0x000000063d000000, 0x000000063d400000|  0%| F|  |TAMS 0x000000063d000000, 0x000000063d000000| Untracked 
| 231|0x000000063d400000, 0x000000063d400000, 0x000000063d800000|  0%| F|  |TAMS 0x000000063d400000, 0x000000063d400000| Untracked 
| 232|0x000000063d800000, 0x000000063d800000, 0x000000063dc00000|  0%| F|  |TAMS 0x000000063d800000, 0x000000063d800000| Untracked 
| 233|0x000000063dc00000, 0x000000063dc00000, 0x000000063e000000|  0%| F|  |TAMS 0x000000063dc00000, 0x000000063dc00000| Untracked 
| 234|0x000000063e000000, 0x000000063e000000, 0x000000063e400000|  0%| F|  |TAMS 0x000000063e000000, 0x000000063e000000| Untracked 
| 235|0x000000063e400000, 0x000000063e400000, 0x000000063e800000|  0%| F|  |TAMS 0x000000063e400000, 0x000000063e400000| Untracked 
| 236|0x000000063e800000, 0x000000063e800000, 0x000000063ec00000|  0%| F|  |TAMS 0x000000063e800000, 0x000000063e800000| Untracked 
| 237|0x000000063ec00000, 0x000000063ec00000, 0x000000063f000000|  0%| F|  |TAMS 0x000000063ec00000, 0x000000063ec00000| Untracked 
| 238|0x000000063f000000, 0x000000063f000000, 0x000000063f400000|  0%| F|  |TAMS 0x000000063f000000, 0x000000063f000000| Untracked 
| 239|0x000000063f400000, 0x000000063f400000, 0x000000063f800000|  0%| F|  |TAMS 0x000000063f400000, 0x000000063f400000| Untracked 
| 240|0x000000063f800000, 0x000000063f800000, 0x000000063fc00000|  0%| F|  |TAMS 0x000000063f800000, 0x000000063f800000| Untracked 
| 241|0x000000063fc00000, 0x000000063fc00000, 0x0000000640000000|  0%| F|  |TAMS 0x000000063fc00000, 0x000000063fc00000| Untracked 
| 242|0x0000000640000000, 0x0000000640000000, 0x0000000640400000|  0%| F|  |TAMS 0x0000000640000000, 0x0000000640000000| Untracked 
| 243|0x0000000640400000, 0x0000000640400000, 0x0000000640800000|  0%| F|  |TAMS 0x0000000640400000, 0x0000000640400000| Untracked 
| 244|0x0000000640800000, 0x0000000640800000, 0x0000000640c00000|  0%| F|  |TAMS 0x0000000640800000, 0x0000000640800000| Untracked 
| 245|0x0000000640c00000, 0x0000000640c00000, 0x0000000641000000|  0%| F|  |TAMS 0x0000000640c00000, 0x0000000640c00000| Untracked 
| 246|0x0000000641000000, 0x0000000641000000, 0x0000000641400000|  0%| F|  |TAMS 0x0000000641000000, 0x0000000641000000| Untracked 
| 247|0x0000000641400000, 0x0000000641400000, 0x0000000641800000|  0%| F|  |TAMS 0x0000000641400000, 0x0000000641400000| Untracked 
| 248|0x0000000641800000, 0x0000000641800000, 0x0000000641c00000|  0%| F|  |TAMS 0x0000000641800000, 0x0000000641800000| Untracked 
| 249|0x0000000641c00000, 0x0000000641c00000, 0x0000000642000000|  0%| F|  |TAMS 0x0000000641c00000, 0x0000000641c00000| Untracked 
| 250|0x0000000642000000, 0x0000000642000000, 0x0000000642400000|  0%| F|  |TAMS 0x0000000642000000, 0x0000000642000000| Untracked 
| 251|0x0000000642400000, 0x0000000642400000, 0x0000000642800000|  0%| F|  |TAMS 0x0000000642400000, 0x0000000642400000| Untracked 
| 252|0x0000000642800000, 0x0000000642800000, 0x0000000642c00000|  0%| F|  |TAMS 0x0000000642800000, 0x0000000642800000| Untracked 
| 253|0x0000000642c00000, 0x0000000642c00000, 0x0000000643000000|  0%| F|  |TAMS 0x0000000642c00000, 0x0000000642c00000| Untracked 
| 254|0x0000000643000000, 0x0000000643000000, 0x0000000643400000|  0%| F|  |TAMS 0x0000000643000000, 0x0000000643000000| Untracked 
| 255|0x0000000643400000, 0x0000000643400000, 0x0000000643800000|  0%| F|  |TAMS 0x0000000643400000, 0x0000000643400000| Untracked 
| 256|0x0000000643800000, 0x0000000643800000, 0x0000000643c00000|  0%| F|  |TAMS 0x0000000643800000, 0x0000000643800000| Untracked 
| 257|0x0000000643c00000, 0x0000000643c00000, 0x0000000644000000|  0%| F|  |TAMS 0x0000000643c00000, 0x0000000643c00000| Untracked 
| 258|0x0000000644000000, 0x0000000644000000, 0x0000000644400000|  0%| F|  |TAMS 0x0000000644000000, 0x0000000644000000| Untracked 
| 259|0x0000000644400000, 0x0000000644400000, 0x0000000644800000|  0%| F|  |TAMS 0x0000000644400000, 0x0000000644400000| Untracked 
| 260|0x0000000644800000, 0x0000000644800000, 0x0000000644c00000|  0%| F|  |TAMS 0x0000000644800000, 0x0000000644800000| Untracked 
| 261|0x0000000644c00000, 0x0000000644c00000, 0x0000000645000000|  0%| F|  |TAMS 0x0000000644c00000, 0x0000000644c00000| Untracked 
| 262|0x0000000645000000, 0x0000000645000000, 0x0000000645400000|  0%| F|  |TAMS 0x0000000645000000, 0x0000000645000000| Untracked 
| 263|0x0000000645400000, 0x0000000645400000, 0x0000000645800000|  0%| F|  |TAMS 0x0000000645400000, 0x0000000645400000| Untracked 
| 264|0x0000000645800000, 0x0000000645800000, 0x0000000645c00000|  0%| F|  |TAMS 0x0000000645800000, 0x0000000645800000| Untracked 
| 265|0x0000000645c00000, 0x0000000645c00000, 0x0000000646000000|  0%| F|  |TAMS 0x0000000645c00000, 0x0000000645c00000| Untracked 
| 266|0x0000000646000000, 0x0000000646000000, 0x0000000646400000|  0%| F|  |TAMS 0x0000000646000000, 0x0000000646000000| Untracked 
| 267|0x0000000646400000, 0x0000000646400000, 0x0000000646800000|  0%| F|  |TAMS 0x0000000646400000, 0x0000000646400000| Untracked 
| 268|0x0000000646800000, 0x0000000646800000, 0x0000000646c00000|  0%| F|  |TAMS 0x0000000646800000, 0x0000000646800000| Untracked 
| 269|0x0000000646c00000, 0x0000000646c00000, 0x0000000647000000|  0%| F|  |TAMS 0x0000000646c00000, 0x0000000646c00000| Untracked 
| 270|0x0000000647000000, 0x0000000647000000, 0x0000000647400000|  0%| F|  |TAMS 0x0000000647000000, 0x0000000647000000| Untracked 
| 271|0x0000000647400000, 0x0000000647400000, 0x0000000647800000|  0%| F|  |TAMS 0x0000000647400000, 0x0000000647400000| Untracked 
| 272|0x0000000647800000, 0x0000000647800000, 0x0000000647c00000|  0%| F|  |TAMS 0x0000000647800000, 0x0000000647800000| Untracked 
| 273|0x0000000647c00000, 0x0000000647c00000, 0x0000000648000000|  0%| F|  |TAMS 0x0000000647c00000, 0x0000000647c00000| Untracked 
| 274|0x0000000648000000, 0x0000000648000000, 0x0000000648400000|  0%| F|  |TAMS 0x0000000648000000, 0x0000000648000000| Untracked 
| 275|0x0000000648400000, 0x0000000648400000, 0x0000000648800000|  0%| F|  |TAMS 0x0000000648400000, 0x0000000648400000| Untracked 
| 276|0x0000000648800000, 0x0000000648800000, 0x0000000648c00000|  0%| F|  |TAMS 0x0000000648800000, 0x0000000648800000| Untracked 
| 277|0x0000000648c00000, 0x0000000648c00000, 0x0000000649000000|  0%| F|  |TAMS 0x0000000648c00000, 0x0000000648c00000| Untracked 
| 278|0x0000000649000000, 0x0000000649000000, 0x0000000649400000|  0%| F|  |TAMS 0x0000000649000000, 0x0000000649000000| Untracked 
| 279|0x0000000649400000, 0x0000000649400000, 0x0000000649800000|  0%| F|  |TAMS 0x0000000649400000, 0x0000000649400000| Untracked 
| 280|0x0000000649800000, 0x0000000649800000, 0x0000000649c00000|  0%| F|  |TAMS 0x0000000649800000, 0x0000000649800000| Untracked 
| 281|0x0000000649c00000, 0x0000000649c00000, 0x000000064a000000|  0%| F|  |TAMS 0x0000000649c00000, 0x0000000649c00000| Untracked 
| 282|0x000000064a000000, 0x000000064a000000, 0x000000064a400000|  0%| F|  |TAMS 0x000000064a000000, 0x000000064a000000| Untracked 
| 283|0x000000064a400000, 0x000000064a400000, 0x000000064a800000|  0%| F|  |TAMS 0x000000064a400000, 0x000000064a400000| Untracked 
| 284|0x000000064a800000, 0x000000064a800000, 0x000000064ac00000|  0%| F|  |TAMS 0x000000064a800000, 0x000000064a800000| Untracked 
| 285|0x000000064ac00000, 0x000000064ac00000, 0x000000064b000000|  0%| F|  |TAMS 0x000000064ac00000, 0x000000064ac00000| Untracked 
| 286|0x000000064b000000, 0x000000064b000000, 0x000000064b400000|  0%| F|  |TAMS 0x000000064b000000, 0x000000064b000000| Untracked 
| 287|0x000000064b400000, 0x000000064b400000, 0x000000064b800000|  0%| F|  |TAMS 0x000000064b400000, 0x000000064b400000| Untracked 
| 288|0x000000064b800000, 0x000000064b800000, 0x000000064bc00000|  0%| F|  |TAMS 0x000000064b800000, 0x000000064b800000| Untracked 
| 289|0x000000064bc00000, 0x000000064bc00000, 0x000000064c000000|  0%| F|  |TAMS 0x000000064bc00000, 0x000000064bc00000| Untracked 
| 290|0x000000064c000000, 0x000000064c000000, 0x000000064c400000|  0%| F|  |TAMS 0x000000064c000000, 0x000000064c000000| Untracked 
| 291|0x000000064c400000, 0x000000064c400000, 0x000000064c800000|  0%| F|  |TAMS 0x000000064c400000, 0x000000064c400000| Untracked 
| 292|0x000000064c800000, 0x000000064c800000, 0x000000064cc00000|  0%| F|  |TAMS 0x000000064c800000, 0x000000064c800000| Untracked 
| 293|0x000000064cc00000, 0x000000064cc00000, 0x000000064d000000|  0%| F|  |TAMS 0x000000064cc00000, 0x000000064cc00000| Untracked 
| 294|0x000000064d000000, 0x000000064d000000, 0x000000064d400000|  0%| F|  |TAMS 0x000000064d000000, 0x000000064d000000| Untracked 
| 295|0x000000064d400000, 0x000000064d400000, 0x000000064d800000|  0%| F|  |TAMS 0x000000064d400000, 0x000000064d400000| Untracked 
| 296|0x000000064d800000, 0x000000064d800000, 0x000000064dc00000|  0%| F|  |TAMS 0x000000064d800000, 0x000000064d800000| Untracked 
| 297|0x000000064dc00000, 0x000000064dc00000, 0x000000064e000000|  0%| F|  |TAMS 0x000000064dc00000, 0x000000064dc00000| Untracked 
| 298|0x000000064e000000, 0x000000064e000000, 0x000000064e400000|  0%| F|  |TAMS 0x000000064e000000, 0x000000064e000000| Untracked 
| 299|0x000000064e400000, 0x000000064e400000, 0x000000064e800000|  0%| F|  |TAMS 0x000000064e400000, 0x000000064e400000| Untracked 
| 300|0x000000064e800000, 0x000000064e800000, 0x000000064ec00000|  0%| F|  |TAMS 0x000000064e800000, 0x000000064e800000| Untracked 
| 301|0x000000064ec00000, 0x000000064ec00000, 0x000000064f000000|  0%| F|  |TAMS 0x000000064ec00000, 0x000000064ec00000| Untracked 
| 302|0x000000064f000000, 0x000000064f000000, 0x000000064f400000|  0%| F|  |TAMS 0x000000064f000000, 0x000000064f000000| Untracked 
| 303|0x000000064f400000, 0x000000064f400000, 0x000000064f800000|  0%| F|  |TAMS 0x000000064f400000, 0x000000064f400000| Untracked 
| 304|0x000000064f800000, 0x000000064f800000, 0x000000064fc00000|  0%| F|  |TAMS 0x000000064f800000, 0x000000064f800000| Untracked 
| 305|0x000000064fc00000, 0x000000064fc00000, 0x0000000650000000|  0%| F|  |TAMS 0x000000064fc00000, 0x000000064fc00000| Untracked 
| 306|0x0000000650000000, 0x0000000650000000, 0x0000000650400000|  0%| F|  |TAMS 0x0000000650000000, 0x0000000650000000| Untracked 

Card table byte_map: [0x0000024a4a640000,0x0000024a4b630000] _byte_map_base: 0x0000024a47624000

Marking Bits (Prev, Next): (CMBitMap*) 0x0000024a3247ba00, (CMBitMap*) 0x0000024a3247ba40
 Prev Bits: [0x0000024a4c620000, 0x0000024a54540000)
 Next Bits: [0x0000024a54540000, 0x0000024a5c460000)

Polling page: 0x0000024a30180000

Metaspace:

Usage:
  Non-class:     15.22 MB used.
      Class:      1.64 MB used.
       Both:     16.86 MB used.

Virtual space:
  Non-class space:       64.00 MB reserved,      15.38 MB ( 24%) committed,  1 nodes.
      Class space:        1.00 GB reserved,       1.75 MB ( <1%) committed,  1 nodes.
             Both:        1.06 GB reserved,      17.12 MB (  2%) committed. 

Chunk freelists:
   Non-Class:  496.00 KB
       Class:  2.27 MB
        Both:  2.75 MB

MaxMetaspaceSize: unlimited
CompressedClassSpaceSize: 1.00 GB
Initial GC threshold: 21.00 MB
Current GC threshold: 21.00 MB
CDS: on
MetaspaceReclaimPolicy: balanced
 - commit_granule_bytes: 65536.
 - commit_granule_words: 8192.
 - virtual_space_node_default_size: 8388608.
 - enlarge_chunks_in_place: 1.
 - new_chunks_are_fully_committed: 0.
 - uncommit_free_chunks: 1.
 - use_allocation_guard: 0.


Internal statistics:

num_allocs_failed_limit: 0.
num_arena_births: 166.
num_arena_deaths: 0.
num_vsnodes_births: 2.
num_vsnodes_deaths: 0.
num_space_committed: 274.
num_space_uncommitted: 0.
num_chunks_returned_to_freelist: 0.
num_chunks_taken_from_freelist: 540.
num_chunk_merges: 0.
num_chunk_splits: 428.
num_chunks_enlarged: 368.
num_inconsistent_stats: 0.

CodeHeap 'non-profiled nmethods': size=120000Kb used=757Kb max_used=757Kb free=119243Kb
 bounds [0x0000024a41df0000, 0x0000024a42060000, 0x0000024a49320000]
CodeHeap 'profiled nmethods': size=120000Kb used=2427Kb max_used=2427Kb free=117572Kb
 bounds [0x0000024a3a320000, 0x0000024a3a590000, 0x0000024a41850000]
CodeHeap 'non-nmethods': size=5760Kb used=1515Kb max_used=1587Kb free=4244Kb
 bounds [0x0000024a41850000, 0x0000024a41ac0000, 0x0000024a41df0000]
 total_blobs=2109 nmethods=1305 adapters=715
 compilation: enabled
              stopped_count=0, restarted_count=0
 full_count=0

Compilation events (20 events):
Event: 5.875 Thread 0x0000024a5c633f30 nmethod 1296 0x0000024a41ea3010 code [0x0000024a41ea3360, 0x0000024a41ea5148]
Event: 5.877 Thread 0x0000024a65b05a50 nmethod 1294 0x0000024a41ea6490 code [0x0000024a41ea6b20, 0x0000024a41eaaa20]
Event: 5.967 Thread 0x0000024a5c63f8d0 1297       3       java.lang.Character::digit (6 bytes)
Event: 5.967 Thread 0x0000024a5c63f8d0 nmethod 1297 0x0000024a3a574810 code [0x0000024a3a5749c0, 0x0000024a3a574c18]
Event: 5.967 Thread 0x0000024a5c63f8d0 1298       3       java.lang.Character::digit (10 bytes)
Event: 5.967 Thread 0x0000024a5c63f8d0 nmethod 1298 0x0000024a3a574d10 code [0x0000024a3a574ec0, 0x0000024a3a5750b8]
Event: 5.967 Thread 0x0000024a5c63f8d0 1299       3       java.lang.CharacterDataLatin1::digit (32 bytes)
Event: 5.968 Thread 0x0000024a5c63f8d0 nmethod 1299 0x0000024a3a575190 code [0x0000024a3a575340, 0x0000024a3a575598]
Event: 6.206 Thread 0x0000024a5c63f8d0 1300       3       java.lang.Integer::parseInt (264 bytes)
Event: 6.209 Thread 0x0000024a5c63f8d0 nmethod 1300 0x0000024a3a575690 code [0x0000024a3a575b00, 0x0000024a3a5778f8]
Event: 6.209 Thread 0x0000024a5c63f8d0 1302       3       com.sun.org.apache.xerces.internal.impl.XMLScanner::isInvalid (5 bytes)
Event: 6.209 Thread 0x0000024a5c63f8d0 nmethod 1302 0x0000024a3a578590 code [0x0000024a3a578740, 0x0000024a3a578928]
Event: 6.209 Thread 0x0000024a5c63f8d0 1301   !   3       com.sun.org.apache.xerces.internal.impl.XMLScanner::scanCharReferenceValue (770 bytes)
Event: 6.213 Thread 0x0000024a5c63f8d0 nmethod 1301 0x0000024a3a578a10 code [0x0000024a3a578fc0, 0x0000024a3a57c698]
Event: 6.417 Thread 0x0000024a5c633f30 1303       4       com.sun.org.apache.xerces.internal.xni.XMLString::append (17 bytes)
Event: 6.423 Thread 0x0000024a5c633f30 nmethod 1303 0x0000024a41eacb10 code [0x0000024a41eacca0, 0x0000024a41ead238]
Event: 6.491 Thread 0x0000024a5c63f8d0 1305       3       com.sun.org.apache.xerces.internal.xni.XMLString::setValues (17 bytes)
Event: 6.492 Thread 0x0000024a5c63f8d0 nmethod 1305 0x0000024a3a57d890 code [0x0000024a3a57da40, 0x0000024a3a57dcb8]
Event: 6.492 Thread 0x0000024a5c63f8d0 1304       3       com.sun.org.apache.xerces.internal.impl.XMLScanner::getStringBuffer (76 bytes)
Event: 6.493 Thread 0x0000024a5c63f8d0 nmethod 1304 0x0000024a3a57dd90 code [0x0000024a3a57dfe0, 0x0000024a3a57eb28]

GC Heap History (20 events):
Event: 6.033 GC heap after
{Heap after GC invocations=7 (full 0):
 garbage-first heap   total 888832K, used 13223K [0x0000000603800000, 0x0000000800000000)
  region size 4096K, 2 young (8192K), 2 survivors (8192K)
 Metaspace       used 17255K, committed 17536K, reserved 1114112K
  class space    used 1681K, committed 1792K, reserved 1048576K
}
Event: 6.369 GC heap before
{Heap before GC invocations=7 (full 0):
 garbage-first heap   total 888832K, used 533415K [0x0000000603800000, 0x0000000800000000)
  region size 4096K, 130 young (532480K), 2 survivors (8192K)
 Metaspace       used 17260K, committed 17536K, reserved 1114112K
  class space    used 1681K, committed 1792K, reserved 1048576K
}
Event: 6.371 GC heap after
{Heap after GC invocations=8 (full 0):
 garbage-first heap   total 888832K, used 13218K [0x0000000603800000, 0x0000000800000000)
  region size 4096K, 2 young (8192K), 2 survivors (8192K)
 Metaspace       used 17260K, committed 17536K, reserved 1114112K
  class space    used 1681K, committed 1792K, reserved 1048576K
}
Event: 6.440 GC heap before
{Heap before GC invocations=8 (full 0):
 garbage-first heap   total 888832K, used 533410K [0x0000000603800000, 0x0000000800000000)
  region size 4096K, 130 young (532480K), 2 survivors (8192K)
 Metaspace       used 17260K, committed 17536K, reserved 1114112K
  class space    used 1681K, committed 1792K, reserved 1048576K
}
Event: 6.442 GC heap after
{Heap after GC invocations=9 (full 0):
 garbage-first heap   total 888832K, used 13422K [0x0000000603800000, 0x0000000800000000)
  region size 4096K, 2 young (8192K), 2 survivors (8192K)
 Metaspace       used 17260K, committed 17536K, reserved 1114112K
  class space    used 1681K, committed 1792K, reserved 1048576K
}
Event: 6.524 GC heap before
{Heap before GC invocations=9 (full 0):
 garbage-first heap   total 888832K, used 533614K [0x0000000603800000, 0x0000000800000000)
  region size 4096K, 130 young (532480K), 2 survivors (8192K)
 Metaspace       used 17261K, committed 17536K, reserved 1114112K
  class space    used 1681K, committed 1792K, reserved 1048576K
}
Event: 6.526 GC heap after
{Heap after GC invocations=10 (full 0):
 garbage-first heap   total 888832K, used 13534K [0x0000000603800000, 0x0000000800000000)
  region size 4096K, 2 young (8192K), 2 survivors (8192K)
 Metaspace       used 17261K, committed 17536K, reserved 1114112K
  class space    used 1681K, committed 1792K, reserved 1048576K
}
Event: 6.600 GC heap before
{Heap before GC invocations=10 (full 0):
 garbage-first heap   total 888832K, used 533726K [0x0000000603800000, 0x0000000800000000)
  region size 4096K, 130 young (532480K), 2 survivors (8192K)
 Metaspace       used 17261K, committed 17536K, reserved 1114112K
  class space    used 1681K, committed 1792K, reserved 1048576K
}
Event: 6.603 GC heap after
{Heap after GC invocations=11 (full 0):
 garbage-first heap   total 888832K, used 13744K [0x0000000603800000, 0x0000000800000000)
  region size 4096K, 2 young (8192K), 2 survivors (8192K)
 Metaspace       used 17261K, committed 17536K, reserved 1114112K
  class space    used 1681K, committed 1792K, reserved 1048576K
}
Event: 6.686 GC heap before
{Heap before GC invocations=11 (full 0):
 garbage-first heap   total 888832K, used 533936K [0x0000000603800000, 0x0000000800000000)
  region size 4096K, 130 young (532480K), 2 survivors (8192K)
 Metaspace       used 17261K, committed 17536K, reserved 1114112K
  class space    used 1681K, committed 1792K, reserved 1048576K
}
Event: 6.692 GC heap after
{Heap after GC invocations=12 (full 0):
 garbage-first heap   total 1257472K, used 13640K [0x0000000603800000, 0x0000000800000000)
  region size 4096K, 2 young (8192K), 2 survivors (8192K)
 Metaspace       used 17261K, committed 17536K, reserved 1114112K
  class space    used 1681K, committed 1792K, reserved 1048576K
}
Event: 7.084 GC heap before
{Heap before GC invocations=12 (full 0):
 garbage-first heap   total 1257472K, used 755016K [0x0000000603800000, 0x0000000800000000)
  region size 4096K, 184 young (753664K), 2 survivors (8192K)
 Metaspace       used 17261K, committed 17536K, reserved 1114112K
  class space    used 1681K, committed 1792K, reserved 1048576K
}
Event: 7.087 GC heap after
{Heap after GC invocations=13 (full 0):
 garbage-first heap   total 1257472K, used 13744K [0x0000000603800000, 0x0000000800000000)
  region size 4096K, 2 young (8192K), 2 survivors (8192K)
 Metaspace       used 17261K, committed 17536K, reserved 1114112K
  class space    used 1681K, committed 1792K, reserved 1048576K
}
Event: 7.222 GC heap before
{Heap before GC invocations=13 (full 0):
 garbage-first heap   total 1257472K, used 755120K [0x0000000603800000, 0x0000000800000000)
  region size 4096K, 184 young (753664K), 2 survivors (8192K)
 Metaspace       used 17261K, committed 17536K, reserved 1114112K
  class space    used 1681K, committed 1792K, reserved 1048576K
}
Event: 7.225 GC heap after
{Heap after GC invocations=14 (full 0):
 garbage-first heap   total 1257472K, used 13848K [0x0000000603800000, 0x0000000800000000)
  region size 4096K, 2 young (8192K), 2 survivors (8192K)
 Metaspace       used 17261K, committed 17536K, reserved 1114112K
  class space    used 1681K, committed 1792K, reserved 1048576K
}
Event: 7.398 GC heap before
{Heap before GC invocations=14 (full 0):
 garbage-first heap   total 1257472K, used 755224K [0x0000000603800000, 0x0000000800000000)
  region size 4096K, 184 young (753664K), 2 survivors (8192K)
 Metaspace       used 17261K, committed 17536K, reserved 1114112K
  class space    used 1681K, committed 1792K, reserved 1048576K
}
Event: 7.403 GC heap after
{Heap after GC invocations=15 (full 0):
 garbage-first heap   total 1257472K, used 13744K [0x0000000603800000, 0x0000000800000000)
  region size 4096K, 2 young (8192K), 2 survivors (8192K)
 Metaspace       used 17261K, committed 17536K, reserved 1114112K
  class space    used 1681K, committed 1792K, reserved 1048576K
}
Event: 7.512 GC heap before
{Heap before GC invocations=15 (full 0):
 garbage-first heap   total 1257472K, used 755120K [0x0000000603800000, 0x0000000800000000)
  region size 4096K, 184 young (753664K), 2 survivors (8192K)
 Metaspace       used 17261K, committed 17536K, reserved 1114112K
  class space    used 1681K, committed 1792K, reserved 1048576K
}
Event: 7.515 GC heap after
{Heap after GC invocations=16 (full 0):
 garbage-first heap   total 1257472K, used 13744K [0x0000000603800000, 0x0000000800000000)
  region size 4096K, 2 young (8192K), 2 survivors (8192K)
 Metaspace       used 17261K, committed 17536K, reserved 1114112K
  class space    used 1681K, committed 1792K, reserved 1048576K
}
Event: 7.614 GC heap before
{Heap before GC invocations=16 (full 0):
 garbage-first heap   total 1257472K, used 755120K [0x0000000603800000, 0x0000000800000000)
  region size 4096K, 184 young (753664K), 2 survivors (8192K)
 Metaspace       used 17261K, committed 17536K, reserved 1114112K
  class space    used 1681K, committed 1792K, reserved 1048576K
}

Dll operation events (10 events):
Event: 0.119 Loaded shared library C:\Program Files\Java\jdk-19\bin\java.dll
Event: 0.190 Loaded shared library C:\Program Files\Java\jdk-19\bin\jsvml.dll
Event: 0.378 Loaded shared library C:\Program Files\Java\jdk-19\bin\net.dll
Event: 0.431 Loaded shared library C:\Program Files\Java\jdk-19\bin\nio.dll
Event: 0.486 Loaded shared library C:\Program Files\Java\jdk-19\bin\zip.dll
Event: 0.903 Loaded shared library C:\Program Files\Java\jdk-19\bin\jimage.dll
Event: 1.119 Loaded shared library C:\Users\ecalegaro\.skiko\ec6bc0f7306786ecca7e44964c7c5c0e40049680f07b151b50515efdfa5bea73\skiko-windows-x64.dll
Event: 1.299 Loaded shared library C:\Program Files\Java\jdk-19\bin\awt.dll
Event: 2.674 Loaded shared library C:\Program Files\Java\jdk-19\bin\freetype.dll
Event: 2.704 Loaded shared library C:\Program Files\Java\jdk-19\bin\fontmanager.dll

Deoptimization events (20 events):
Event: 5.464 Thread 0x0000024a63692b70 Uncommon trap: trap_request=0xffffff45 fr.pc=0x0000024a41e68500 relative=0x0000000000000960
Event: 5.464 Thread 0x0000024a63692b70 Uncommon trap: reason=unstable_if action=reinterpret pc=0x0000024a41e68500 method=com.sun.org.apache.xerces.internal.impl.XMLDocumentFragmentScannerImpl.getString()Lcom/sun/org/apache/xerces/internal/xni/XMLString; @ 8 c2
Event: 5.464 Thread 0x0000024a63692b70 DEOPT PACKING pc=0x0000024a41e68500 sp=0x000000e6385fa410
Event: 5.464 Thread 0x0000024a63692b70 DEOPT UNPACKING pc=0x0000024a418b6da3 sp=0x000000e6385fa350 mode 2
Event: 5.466 Thread 0x0000024a63692b70 DEOPT PACKING pc=0x0000024a3a54e375 sp=0x000000e6385fa470
Event: 5.466 Thread 0x0000024a63692b70 DEOPT UNPACKING pc=0x0000024a418b7543 sp=0x000000e6385f9930 mode 0
Event: 5.467 Thread 0x0000024a63692b70 Uncommon trap: trap_request=0xffffff45 fr.pc=0x0000024a41e62398 relative=0x00000000000000f8
Event: 5.467 Thread 0x0000024a63692b70 Uncommon trap: reason=unstable_if action=reinterpret pc=0x0000024a41e62398 method=com.sun.org.apache.xerces.internal.impl.XMLDocumentFragmentScannerImpl.getString()Lcom/sun/org/apache/xerces/internal/xni/XMLString; @ 8 c2
Event: 5.467 Thread 0x0000024a63692b70 DEOPT PACKING pc=0x0000024a41e62398 sp=0x000000e6385fa3b0
Event: 5.467 Thread 0x0000024a63692b70 DEOPT UNPACKING pc=0x0000024a418b6da3 sp=0x000000e6385fa340 mode 2
Event: 5.472 Thread 0x0000024a63692b70 DEOPT PACKING pc=0x0000024a3a54e375 sp=0x000000e6385fa470
Event: 5.472 Thread 0x0000024a63692b70 DEOPT UNPACKING pc=0x0000024a418b7543 sp=0x000000e6385f9930 mode 0
Event: 5.476 Thread 0x0000024a63692b70 DEOPT PACKING pc=0x0000024a3a54e375 sp=0x000000e6385fa470
Event: 5.476 Thread 0x0000024a63692b70 DEOPT UNPACKING pc=0x0000024a418b7543 sp=0x000000e6385f9930 mode 0
Event: 5.571 Thread 0x0000024a63692b70 Uncommon trap: trap_request=0xffffff45 fr.pc=0x0000024a41e70e98 relative=0x0000000000000e78
Event: 5.571 Thread 0x0000024a63692b70 Uncommon trap: reason=unstable_if action=reinterpret pc=0x0000024a41e70e98 method=com.sun.org.apache.xerces.internal.impl.XMLDocumentFragmentScannerImpl.seekCloseOfStartTag()Z @ 36 c2
Event: 5.571 Thread 0x0000024a63692b70 DEOPT PACKING pc=0x0000024a41e70e98 sp=0x000000e6385fa480
Event: 5.571 Thread 0x0000024a63692b70 DEOPT UNPACKING pc=0x0000024a418b6da3 sp=0x000000e6385fa3d8 mode 2
Event: 5.573 Thread 0x0000024a63692b70 DEOPT PACKING pc=0x0000024a3a5416e0 sp=0x000000e6385fa650
Event: 5.573 Thread 0x0000024a63692b70 DEOPT UNPACKING pc=0x0000024a418b7543 sp=0x000000e6385f9b28 mode 0

Classes loaded (20 events):
Event: 4.802 Loading class com/sun/xml/internal/stream/Entity$ScannedEntity
Event: 4.802 Loading class com/sun/xml/internal/stream/Entity
Event: 4.803 Loading class com/sun/xml/internal/stream/Entity done
Event: 4.803 Loading class com/sun/xml/internal/stream/Entity$ScannedEntity done
Event: 4.803 Loading class com/sun/org/apache/xerces/internal/util/XMLChar
Event: 4.803 Loading class com/sun/org/apache/xerces/internal/util/XMLChar done
Event: 4.804 Loading class com/sun/org/apache/xerces/internal/util/XMLSymbols
Event: 4.805 Loading class com/sun/org/apache/xerces/internal/util/XMLSymbols done
Event: 4.805 Loading class com/sun/org/apache/xerces/internal/parsers/AbstractSAXParser$LocatorProxy
Event: 4.805 Loading class org/xml/sax/ext/Locator2
Event: 4.805 Loading class org/xml/sax/Locator
Event: 4.805 Loading class org/xml/sax/Locator done
Event: 4.805 Loading class org/xml/sax/ext/Locator2 done
Event: 4.805 Loading class com/sun/org/apache/xerces/internal/parsers/AbstractSAXParser$LocatorProxy done
Event: 4.805 Loading class com/sun/org/apache/xerces/internal/impl/XMLScanner$NameType
Event: 4.806 Loading class com/sun/org/apache/xerces/internal/impl/XMLScanner$NameType done
Event: 4.807 Loading class com/sun/org/apache/xerces/internal/impl/Constants
Event: 4.808 Loading class com/sun/org/apache/xerces/internal/impl/Constants done
Event: 4.808 Loading class com/sun/org/apache/xerces/internal/impl/Constants$ArrayEnumeration
Event: 4.808 Loading class com/sun/org/apache/xerces/internal/impl/Constants$ArrayEnumeration done

Classes unloaded (0 events):
No events

Classes redefined (0 events):
No events

Internal exceptions (20 events):
Event: 1.316 Thread 0x0000024a3240e380 Exception <a 'java/io/FileNotFoundException'{0x00000006232dc830}> (0x00000006232dc830) 
thrown [s\open\src\hotspot\share\prims\jni.cpp, line 517]
Event: 1.328 Thread 0x0000024a3240e380 Exception <a 'java/io/FileNotFoundException'{0x0000000623309008}> (0x0000000623309008) 
thrown [s\open\src\hotspot\share\prims\jni.cpp, line 517]
Event: 1.407 Thread 0x0000024a3240e380 Exception <a 'java/lang/NoSuchMethodError'{0x0000000623345e20}: 'java.lang.Object java.lang.invoke.DirectMethodHandle$Holder.invokeStaticInit(java.lang.Object)'> (0x0000000623345e20) 
thrown [s\open\src\hotspot\share\interpreter\linkResolver.cpp, line 774]
Event: 1.454 Thread 0x0000024a3240e380 Exception <a 'java/lang/NoSuchMethodError'{0x0000000622c02ba0}: 'void java.lang.invoke.DirectMethodHandle$Holder.invokeSpecial(java.lang.Object, java.lang.Object, java.lang.Object)'> (0x0000000622c02ba0) 
thrown [s\open\src\hotspot\share\interpreter\linkResolver.cpp, line 774]
Event: 1.479 Thread 0x0000024a3240e380 Exception <a 'java/lang/NoSuchMethodError'{0x0000000622c16068}: 'void java.lang.invoke.DirectMethodHandle$Holder.invokeStaticInit(java.lang.Object)'> (0x0000000622c16068) 
thrown [s\open\src\hotspot\share\interpreter\linkResolver.cpp, line 774]
Event: 1.493 Thread 0x0000024a3240e380 Exception <a 'java/lang/NoSuchMethodError'{0x0000000622c3fe00}: 'java.lang.Object java.lang.invoke.DirectMethodHandle$Holder.newInvokeSpecial(java.lang.Object, java.lang.Object, java.lang.Object, java.lang.Object, java.lang.Object)'> (0x0000000622c3fe00) 
thrown [s\open\src\hotspot\share\interpreter\linkResolver.cpp, line 774]
Event: 1.504 Thread 0x0000024a3240e380 Exception <a 'java/lang/NoSuchMethodError'{0x0000000622c714e8}: 'java.lang.Object java.lang.invoke.DirectMethodHandle$Holder.invokeStatic(java.lang.Object, int, java.lang.Object)'> (0x0000000622c714e8) 
thrown [s\open\src\hotspot\share\interpreter\linkResolver.cpp, line 774]
Event: 1.539 Thread 0x0000024a3240e380 Exception <a 'java/lang/ClassNotFoundException'{0x0000000622cf6100}: com/sun/java/swing/plaf/windows/resources/spi/windowsProvider> (0x0000000622cf6100) 
thrown [s\open\src\hotspot\share\classfile\systemDictionary.cpp, line 255]
Event: 1.542 Thread 0x0000024a3240e380 Exception <a 'java/lang/ClassNotFoundException'{0x0000000622cfa700}: com/sun/swing/internal/plaf/basic/resources/spi/basicProvider> (0x0000000622cfa700) 
thrown [s\open\src\hotspot\share\classfile\systemDictionary.cpp, line 255]
Event: 1.627 Thread 0x0000024a3240e380 Exception <a 'java/lang/NoSuchMethodError'{0x0000000622ed9ea8}: 'java.lang.Object java.lang.invoke.DirectMethodHandle$Holder.invokeStaticInit(java.lang.Object, java.lang.Object, java.lang.Object)'> (0x0000000622ed9ea8) 
thrown [s\open\src\hotspot\share\interpreter\linkResolver.cpp, line 774]
Event: 1.787 Thread 0x0000024a63692b70 Exception <a 'java/lang/NoSuchMethodError'{0x000000062246c990}: 'void java.lang.invoke.DirectMethodHandle$Holder.invokeStatic(java.lang.Object, java.lang.Object)'> (0x000000062246c990) 
thrown [s\open\src\hotspot\share\interpreter\linkResolver.cpp, line 774]
Event: 1.891 Thread 0x0000024a63692b70 Exception <a 'java/lang/NoSuchMethodError'{0x0000000622298c60}: 'int java.lang.invoke.DirectMethodHandle$Holder.invokeStaticInit(java.lang.Object, java.lang.Object, java.lang.Object)'> (0x0000000622298c60) 
thrown [s\open\src\hotspot\share\interpreter\linkResolver.cpp, line 774]
Event: 2.778 Thread 0x0000024a63692b70 Exception <a 'java/lang/NoSuchMethodError'{0x0000000623042a28}: 'int java.lang.invoke.Invokers$Holder.invokeExact_MT(java.lang.Object, java.lang.Object)'> (0x0000000623042a28) 
thrown [s\open\src\hotspot\share\interpreter\linkResolver.cpp, line 774]
Event: 2.797 Thread 0x0000024a63692b70 Exception <a 'java/lang/NoSuchMethodError'{0x000000062310e348}: 'void java.lang.invoke.DirectMethodHandle$Holder.invokeStatic(java.lang.Object, java.lang.Object, java.lang.Object)'> (0x000000062310e348) 
thrown [s\open\src\hotspot\share\interpreter\linkResolver.cpp, line 774]
Event: 2.917 Thread 0x0000024a63692b70 Exception <a 'java/lang/NoClassDefFoundError'{0x0000000623320cc0}: android/os/Looper> (0x0000000623320cc0) 
thrown [s\open\src\hotspot\share\classfile\systemDictionary.cpp, line 244]
Event: 2.990 Thread 0x0000024a63692b70 Exception <a 'java/lang/NoSuchMethodError'{0x0000000622eda2c0}: 'double java.lang.invoke.DirectMethodHandle$Holder.invokeStatic(java.lang.Object, double)'> (0x0000000622eda2c0) 
thrown [s\open\src\hotspot\share\interpreter\linkResolver.cpp, line 774]
Event: 2.990 Thread 0x0000024a63692b70 Exception <a 'java/lang/NoSuchMethodError'{0x0000000622eddd30}: 'double java.lang.invoke.DirectMethodHandle$Holder.invokeStaticInit(java.lang.Object, double)'> (0x0000000622eddd30) 
thrown [s\open\src\hotspot\share\interpreter\linkResolver.cpp, line 774]
Event: 2.997 Thread 0x0000024a63692b70 Exception <a 'java/lang/NoSuchMethodError'{0x0000000622f17630}: 'java.lang.Object java.lang.invoke.DirectMethodHandle$Holder.newInvokeSpecial(java.lang.Object, double)'> (0x0000000622f17630) 
thrown [s\open\src\hotspot\share\interpreter\linkResolver.cpp, line 774]
Event: 3.173 Thread 0x0000024a63596950 Exception <a 'java/lang/NoSuchMethodError'{0x0000000622451068}: 'void java.lang.invoke.DirectMethodHandle$Holder.invokeVirtual(java.lang.Object, java.lang.Object)'> (0x0000000622451068) 
thrown [s\open\src\hotspot\share\interpreter\linkResolver.cpp, line 774]
Event: 4.933 Thread 0x0000024a63692b70 Implicit null exception at 0x0000024a41e4e302 to 0x0000024a41e4e5d8

VM Operations (20 events):
Event: 6.033 Executing VM operation: G1CollectForAllocation done
Event: 6.368 Executing VM operation: G1CollectForAllocation
Event: 6.371 Executing VM operation: G1CollectForAllocation done
Event: 6.440 Executing VM operation: G1CollectForAllocation
Event: 6.442 Executing VM operation: G1CollectForAllocation done
Event: 6.524 Executing VM operation: G1CollectForAllocation
Event: 6.526 Executing VM operation: G1CollectForAllocation done
Event: 6.600 Executing VM operation: G1CollectForAllocation
Event: 6.603 Executing VM operation: G1CollectForAllocation done
Event: 6.686 Executing VM operation: G1CollectForAllocation
Event: 6.692 Executing VM operation: G1CollectForAllocation done
Event: 7.084 Executing VM operation: G1CollectForAllocation
Event: 7.087 Executing VM operation: G1CollectForAllocation done
Event: 7.222 Executing VM operation: G1CollectForAllocation
Event: 7.225 Executing VM operation: G1CollectForAllocation done
Event: 7.398 Executing VM operation: G1CollectForAllocation
Event: 7.403 Executing VM operation: G1CollectForAllocation done
Event: 7.512 Executing VM operation: G1CollectForAllocation
Event: 7.515 Executing VM operation: G1CollectForAllocation done
Event: 7.614 Executing VM operation: G1CollectForAllocation

Events (20 events):
Event: 0.225 Thread 0x0000024a5c64aa60 Thread added: 0x0000024a5c64aa60
Event: 0.339 Thread 0x0000024a5f06b8c0 Thread added: 0x0000024a5f06b8c0
Event: 0.343 Thread 0x0000024a5f071c70 Thread added: 0x0000024a5f071c70
Event: 0.593 Thread 0x0000024a5f157350 Thread added: 0x0000024a5f157350
Event: 0.765 Thread 0x0000024a5f157350 Thread exited: 0x0000024a5f157350
Event: 1.408 Thread 0x0000024a63595ed0 Thread added: 0x0000024a63595ed0
Event: 1.410 Thread 0x0000024a63596410 Thread added: 0x0000024a63596410
Event: 1.411 Thread 0x0000024a63596950 Thread added: 0x0000024a63596950
Event: 1.641 Thread 0x0000024a636c26d0 Thread added: 0x0000024a636c26d0
Event: 1.641 Thread 0x0000024a636c3840 Thread added: 0x0000024a636c3840
Event: 1.642 Thread 0x0000024a636c3d80 Thread added: 0x0000024a636c3d80
Event: 1.653 Thread 0x0000024a636bbf70 Thread added: 0x0000024a636bbf70
Event: 1.665 Thread 0x0000024a636940b0 Thread added: 0x0000024a636940b0
Event: 1.667 Thread 0x0000024a63604f60 Thread added: 0x0000024a63604f60
Event: 1.731 Thread 0x0000024a63692b70 Thread added: 0x0000024a63692b70
Event: 2.520 Thread 0x0000024a63604f60 Thread exited: 0x0000024a63604f60
Event: 4.866 Thread 0x0000024a65b0a1c0 Thread added: 0x0000024a65b0a1c0
Event: 4.888 Thread 0x0000024a65b05a50 Thread added: 0x0000024a65b05a50
Event: 6.207 Thread 0x0000024a65b0a1c0 Thread exited: 0x0000024a65b0a1c0
Event: 6.207 Thread 0x0000024a65b05a50 Thread exited: 0x0000024a65b05a50


Dynamic libraries:
0x00007ff7f23d0000 - 0x00007ff7f23e0000 	C:\Program Files\Java\jdk-19\bin\java.exe
0x00007ffcdeef0000 - 0x00007ffcdf0e8000 	C:\Windows\SYSTEM32\ntdll.dll
0x00007ffcdd130000 - 0x00007ffcdd1ef000 	C:\Windows\System32\KERNEL32.DLL
0x00007ffcdc880000 - 0x00007ffcdcb76000 	C:\Windows\System32\KERNELBASE.dll
0x00007ffcdc240000 - 0x00007ffcdc3d6000 	C:\Windows\system32\hmpalert.dll
0x00007ffcdcb80000 - 0x00007ffcdcc80000 	C:\Windows\System32\ucrtbase.dll
0x00007ffcb8360000 - 0x00007ffcb8378000 	C:\Program Files\Java\jdk-19\bin\jli.dll
0x00007ffcdd080000 - 0x00007ffcdd12f000 	C:\Windows\System32\ADVAPI32.dll
0x00007ffcde140000 - 0x00007ffcde1de000 	C:\Windows\System32\msvcrt.dll
0x00007ffcdd570000 - 0x00007ffcdd60c000 	C:\Windows\System32\sechost.dll
0x00007ffcdd260000 - 0x00007ffcdd386000 	C:\Windows\System32\RPCRT4.dll
0x00007ffcdebf0000 - 0x00007ffcded8d000 	C:\Windows\System32\USER32.dll
0x00007ffcdcd20000 - 0x00007ffcdcd42000 	C:\Windows\System32\win32u.dll
0x00007ffcdd390000 - 0x00007ffcdd3bc000 	C:\Windows\System32\GDI32.dll
0x00007ffcdce30000 - 0x00007ffcdcf45000 	C:\Windows\System32\gdi32full.dll
0x00007ffcdcc80000 - 0x00007ffcdcd1d000 	C:\Windows\System32\msvcp_win.dll
0x00007ffca8720000 - 0x00007ffca873b000 	C:\Program Files\Java\jdk-19\bin\VCRUNTIME140.dll
0x00007ffcc2b80000 - 0x00007ffcc2e1a000 	C:\Windows\WinSxS\amd64_microsoft.windows.common-controls_6595b64144ccf1df_6.0.19041.1110_none_60b5254171f9507e\COMCTL32.dll
0x00007ffcd5e20000 - 0x00007ffcd5e2a000 	C:\Windows\SYSTEM32\VERSION.dll
0x00007ffcddaa0000 - 0x00007ffcddad0000 	C:\Windows\System32\IMM32.DLL
0x00007ffc9d660000 - 0x00007ffc9d77a000 	C:\Program Files\Topaz OFD\Warsaw\wslbscr64.dll
0x00007ffcde4a0000 - 0x00007ffcdebe4000 	C:\Windows\System32\SHELL32.dll
0x00007ffcdb520000 - 0x00007ffcdb553000 	C:\Windows\SYSTEM32\ntmarta.dll
0x00007ffc9d500000 - 0x00007ffc9d5fa000 	C:\Program Files\Topaz OFD\Warsaw\wslbscrwh64.dll
0x00007ffcd23c0000 - 0x00007ffcd23cc000 	C:\Program Files\Java\jdk-19\bin\vcruntime140_1.dll
0x00007ffca0400000 - 0x00007ffca048e000 	C:\Program Files\Java\jdk-19\bin\msvcp140.dll
0x00007ffc75db0000 - 0x00007ffc76a70000 	C:\Program Files\Java\jdk-19\bin\server\jvm.dll
0x00007ffcd0e30000 - 0x00007ffcd0e39000 	C:\Windows\SYSTEM32\WSOCK32.dll
0x00007ffcde3a0000 - 0x00007ffcde40b000 	C:\Windows\System32\WS2_32.dll
0x00007ffcbbfe0000 - 0x00007ffcbc007000 	C:\Windows\SYSTEM32\WINMM.dll
0x00007ffcdaa70000 - 0x00007ffcdaa82000 	C:\Windows\SYSTEM32\kernel.appcore.dll
0x00007ffcd1e50000 - 0x00007ffcd1e5a000 	C:\Program Files\Java\jdk-19\bin\jimage.dll
0x00007ffcd5c30000 - 0x00007ffcd5e14000 	C:\Windows\SYSTEM32\DBGHELP.DLL
0x00007ffcd0df0000 - 0x00007ffcd0e24000 	C:\Windows\SYSTEM32\dbgcore.DLL
0x00007ffcdc7f0000 - 0x00007ffcdc872000 	C:\Windows\System32\bcryptPrimitives.dll
0x00007ffca7850000 - 0x00007ffca7876000 	C:\Program Files\Java\jdk-19\bin\java.dll
0x00007ffc9f9c0000 - 0x00007ffc9fa97000 	C:\Program Files\Java\jdk-19\bin\jsvml.dll
0x00007ffcda270000 - 0x00007ffcdaa03000 	C:\Windows\SYSTEM32\windows.storage.dll
0x00007ffcddba0000 - 0x00007ffcddef4000 	C:\Windows\System32\combase.dll
0x00007ffcdbcc0000 - 0x00007ffcdbcee000 	C:\Windows\SYSTEM32\Wldp.dll
0x00007ffcde1e0000 - 0x00007ffcde28d000 	C:\Windows\System32\SHCORE.dll
0x00007ffcdd200000 - 0x00007ffcdd255000 	C:\Windows\System32\shlwapi.dll
0x00007ffcdc510000 - 0x00007ffcdc52f000 	C:\Windows\SYSTEM32\profapi.dll
0x00007ffca7320000 - 0x00007ffca7333000 	C:\Program Files\Java\jdk-19\bin\net.dll
0x00007ffcd4b30000 - 0x00007ffcd4c3a000 	C:\Windows\SYSTEM32\WINHTTP.dll
0x00007ffcdbaa0000 - 0x00007ffcdbb0a000 	C:\Windows\system32\mswsock.dll
0x00007ffca71c0000 - 0x00007ffca71d6000 	C:\Program Files\Java\jdk-19\bin\nio.dll
0x00007ffca86c0000 - 0x00007ffca86d8000 	C:\Program Files\Java\jdk-19\bin\zip.dll
0x00007ffc6a590000 - 0x00007ffc6b626000 	C:\Users\ecalegaro\.skiko\ec6bc0f7306786ecca7e44964c7c5c0e40049680f07b151b50515efdfa5bea73\skiko-windows-x64.dll
0x00007ffcdcf50000 - 0x00007ffcdd07a000 	C:\Windows\System32\ole32.dll
0x00007ffcd9d80000 - 0x00007ffcd9daf000 	C:\Windows\SYSTEM32\dwmapi.dll
0x00007ffcd5b30000 - 0x00007ffcd5c26000 	C:\Windows\SYSTEM32\PROPSYS.dll
0x00007ffc89b20000 - 0x00007ffc89cb1000 	C:\Program Files\Java\jdk-19\bin\awt.dll
0x00007ffcddad0000 - 0x00007ffcddb9d000 	C:\Windows\System32\OLEAUT32.dll
0x00007ffccd5e0000 - 0x00007ffccd671000 	C:\Windows\SYSTEM32\apphelp.dll
0x00007ffcd9b60000 - 0x00007ffcd9bfe000 	C:\Windows\system32\uxtheme.dll
0x0000024a63d60000 - 0x0000024a63e74000 	C:\Windows\System32\MSCTF.dll
0x00007ffc987c0000 - 0x00007ffc988e5000 	C:\Windows\system32\opengl32.dll
0x00007ffca1f10000 - 0x00007ffca1f3c000 	C:\Windows\SYSTEM32\GLU32.dll
0x00007ffcdce00000 - 0x00007ffcdce27000 	C:\Windows\System32\bcrypt.dll
0x00007ffcd4540000 - 0x00007ffcd457b000 	C:\Windows\SYSTEM32\dxcore.dll
0x00007ffcdc640000 - 0x00007ffcdc68e000 	C:\Windows\System32\cfgmgr32.dll
0x00007ffca0030000 - 0x00007ffca00b6000 	C:\Program Files\Java\jdk-19\bin\freetype.dll
0x00007ffc9f7d0000 - 0x00007ffc9f879000 	C:\Program Files\Java\jdk-19\bin\fontmanager.dll
0x00007ffcd0240000 - 0x00007ffcd04bf000 	C:\Windows\SYSTEM32\dwrite.dll
0x00007ffcde290000 - 0x00007ffcde339000 	C:\Windows\System32\clbcatq.dll
0x00007ffccb830000 - 0x00007ffccb9e4000 	C:\Windows\SYSTEM32\WindowsCodecs.dll
0x00007ffcbbd20000 - 0x00007ffcbbd5e000 	C:\Windows\system32\dataexchange.dll
0x00007ffcd28c0000 - 0x00007ffcd2b23000 	C:\Windows\system32\d3d11.dll
0x00007ffcccf50000 - 0x00007ffccd133000 	C:\Windows\system32\dcomp.dll
0x00007ffcdaa90000 - 0x00007ffcdab83000 	C:\Windows\system32\dxgi.dll
0x00007ffcd18e0000 - 0x00007ffcd1ae7000 	C:\Windows\system32\twinapi.appcore.dll
0x00007ffcd4200000 - 0x00007ffcd4207000 	C:\Program Files\Java\jdk-19\bin\jawt.dll
0x00007ffcc2890000 - 0x00007ffcc28b0000 	C:\Windows\SYSTEM32\D3D12.dll
0x00007ffc85f40000 - 0x00007ffc8610d000 	C:\Windows\SYSTEM32\D3D12Core.dll
0x00007ffcc3f20000 - 0x00007ffcc76b6000 	C:\Windows\System32\DriverStore\FileRepository\iigd_dch.inf_amd64_7ff06489711d52f9\igc64.dll
0x00007ffca87e0000 - 0x00007ffca8804000 	C:\Windows\System32\DriverStore\FileRepository\iigd_dch.inf_amd64_7ff06489711d52f9\igd12umd64.dll
0x00007ffc62020000 - 0x00007ffc62a62000 	C:\Windows\System32\DriverStore\FileRepository\iigd_dch.inf_amd64_7ff06489711d52f9\igd12um64kbl.dll
0x00007ffcdc690000 - 0x00007ffcdc7ee000 	C:\Windows\System32\CRYPT32.dll
0x00007ffcc7fe0000 - 0x00007ffcc83e9000 	C:\Windows\System32\DriverStore\FileRepository\iigd_dch.inf_amd64_7ff06489711d52f9\igdgmm64.dll
0x00007ffca8580000 - 0x00007ffca85ab000 	C:\Windows\SYSTEM32\D3DSCache.dll
0x00007ffcdc490000 - 0x00007ffcdc4be000 	C:\Windows\SYSTEM32\USERENV.dll
0x00007ffc3b710000 - 0x00007ffc3e7f8000 	C:\Windows\System32\DriverStore\FileRepository\iigd_dch.inf_amd64_7ff06489711d52f9\igd12dxva64.dll
0x00007ffcdd630000 - 0x00007ffcdda98000 	C:\Windows\System32\SETUPAPI.dll
0x00007ffcd2380000 - 0x00007ffcd23a7000 	C:\Windows\System32\DriverStore\FileRepository\iigd_dch.inf_amd64_7ff06489711d52f9\igdinfo64.dll

dbghelp: loaded successfully - version: 4.0.5 - missing functions: none
symbol engine: initialized successfully - sym options: 0x614 - pdb path: .;C:\Program Files\Java\jdk-19\bin;C:\Windows\SYSTEM32;C:\Windows\WinSxS\amd64_microsoft.windows.common-controls_6595b64144ccf1df_6.0.19041.1110_none_60b5254171f9507e;C:\Program Files\Topaz OFD\Warsaw;C:\Program Files\Java\jdk-19\bin\server;C:\Users\ecalegaro\.skiko\ec6bc0f7306786ecca7e44964c7c5c0e40049680f07b151b50515efdfa5bea73;C:\Windows\System32\DriverStore\FileRepository\iigd_dch.inf_amd64_7ff06489711d52f9

VM Arguments:
jvm_args: -Dcompose.application.configure.swing.globals=true -Dcompose.application.resources.dir=C:\Projetos\workspace\TrustTerm\composeApp\build\compose\tmp\prepareAppResources -Dfile.encoding=UTF-8 -Duser.country=BR -Duser.language=pt -Duser.variant 
java_command: br.com.ic2tech.trustterm.MainKt
java_class_path (initial): C:\Projetos\workspace\TrustTerm\composeApp\build\libs\composeApp-desktop.jar;C:\Users\ecalegaro\.gradle\caches\modules-2\files-2.1\org.jetbrains.compose.desktop\desktop-jvm\1.7.0\128a1262fd72c68277ebadf308a07ff086206f8e\desktop-jvm-1.7.0.jar;C:\Users\ecalegaro\.gradle\caches\modules-2\files-2.1\org.jetbrains.compose.material\material-desktop\1.7.0\29cccd4e48b2f071e85c1eaf2f59def91d68eb8\material-desktop-1.7.0.jar;C:\Users\ecalegaro\.gradle\caches\modules-2\files-2.1\org.jetbrains.compose.components\components-resources-desktop\1.7.0\aeb1cd8677ec680fcf716aecbaf1a2aafc217622\library-desktop-1.7.0.jar;C:\Users\ecalegaro\.gradle\caches\modules-2\files-2.1\org.jetbrains.compose.material\material-ripple-desktop\1.7.0\42b03965266ad123672e8a87f98d914dc8c072bf\material-ripple-desktop-1.7.0.jar;C:\Users\ecalegaro\.gradle\caches\modules-2\files-2.1\org.jetbrains.compose.foundation\foundation-desktop\1.7.0\6851b9b4d93e3bba301eeb94242a59863026dc8d\foundation-desktop-1.7.0.jar;C:\Users\ecalegaro\.gradle\caches\modules-2\files-2.1\org.jetbrains.compose.animation\animation-desktop\1.7.0\2c5c8a0279b37285f6fa2e65affab9a5ca3d2e05\animation-desktop-1.7.0.jar;C:\Users\ecalegaro\.gradle\caches\modules-2\files-2.1\org.jetbrains.compose.foundation\foundation-layout-desktop\1.7.0\99ee09906c30143ece1a7e9d1ab25db99ca65876\foundation-layout-desktop-1.7.0.jar;C:\Users\ecalegaro\.gradle\caches\modules-2\files-2.1\org.jetbrains.compose.animation\animation-core-desktop\1.7.0\3f9e8ac3f4804e7029a0f8f8955ebd7dc8075516\animation-core-desktop-1.7.0.jar;C:\Users\ecalegaro\.gradle\caches\modules-2\files-2.1\org.jetbrains.compose.material\material-icons-core-desktop\1.7.0\414b3096050fe647b0638832eace80f22c06b85c\material-icons-core-desktop-1.7.0.jar;C:\Users\ecalegaro\.gradle\caches\modules-2\files-2.1\org.jetbrains.compose.ui\ui-desktop\1.7.0\da1d07709414cb57d887a8a5d05b523dd52fd200\ui-desktop-1.7.0.jar;C:\Users\ecalegaro\.gradle\caches\modules-2\files-2.1\org.jetbrains.kotlinx\kotlinx-coroutines-android\1.10.1\864006e2e42ed4d76150651c635d038a060c20a2\kotlinx-coroutines-android-1.10.1.jar;C:\Users\ecalegaro\.gradle\caches\modules-2\files-2.1\org.jetbrains.androidx.lifecycle\lifecycle-runtime-compose-desktop\2.8.4\e950e2a504a045ac652718dc20e736f28c5ff4c2\lifecycle-runtime-compose-desktop-2.8.4.jar;C:\Users\ecalegaro\.gradle\caches\modules-2\files-2.1\org.jetbrains.compose.ui\ui-text-desktop\1.7.0\9fcd54866d7c2132d921b337ad8967f90cc25b85\ui-text-desktop-1.7.0.jar;C:\Users\ecalegaro\.gradle\caches\modules-2\files-2.1\org.jetbrains.compose.runtime\runtime-saveable-desktop\1.7.0\16cec893bca783af229978ba2091f58eea6906c1\runtime-saveable-desktop-1.7.0.jar;C:\Users\ecalegaro\.gradle\caches\modules-2\files-2.1\org.jetbrains.compose.ui\ui-graphics-desktop\1.7.0\636fab3892b2e789b1086b1872104324182d305a\ui-graphics-desktop-1.7.0.jar;C:\Users\ecalegaro\.gradle\caches\modules-2\files-2.1\org.jetbrains.compose.ui\ui-unit-desktop\1.7.0\fecd4bde2d2f1cfbe2118d175ec7030a50e63f20\ui-unit-desktop-1.7.0.jar;C:\Users\ecalegaro\.gradle\caches\modules-2\files-2.1\org.jetbrains.compose.ui\ui-geometry-desktop\1.7.0\dfc47c11ec416d93f53ae19103143d741a3d8b14\ui-geometry-desktop-1.7.0.jar;C:\Users\ecalegaro\.gradle\caches\modules-2\files-2.1\org.jetbrains.compose.ui\ui-tooling-preview-desktop\1.7.0\62232c44c61692b56d3071c29b0f9c8481b20574\ui-tooling-preview-desktop-1.7.0.jar;C:\Users\ecalegaro\.gradle\caches\modules-2\files-2.1\org.jetbrains.compose.runtime\runtime-desktop\1.7.0\c7ec36fb96961f1cd208a4e0daab62eebb1e3728\runtime-desktop-1.7.0.jar;C:\Users\ecalegaro\.gradle\caches\modules-2\files-2.1\androidx.lifecycle\lifecycle-runtime-desktop\2.8.5\fed8b9973735cbe77645edf153d5f7bb412bfd45\lifecycle-runtime-desktop-2.8.5.jar;C:\Users\ecalegaro\.gradle\caches\modules-2\files-2.1\androidx.lifecycle\lifecycle-common-jvm\2.8.5\7174a594afb73a9ad9ac9074ce78b94af3cc52a7\lifecycle-common-jvm-2.8.5.jar;C:\Users\ecalegaro\.gradle\caches\modules-2\files-2.1\androidx.lifecycle\lifecycle-common-java8\2.8.5\2ad14aed781c4a73ed4dbb421966d408a0a06686\lifecycle-common-java8-2.8.5.jar;C:\Users\ecalegaro\.gradle\caches\modules-2\files-2.1\androidx.lifecycle\lifecycle-viewmodel-desktop\2.8.5\572f6fed6a70c5d87c9a0d17d05828ff1a6f19f8\lifecycle-viewmodel-desktop-2.8.5.jar;C:\Users\ecalegaro\.gradle\caches\modules-2\files-2.1\org.jetbrains.skiko\skiko-awt-runtime-windows-x64\0.8.15\8f3d1d6d4f3f168305cc1230c07dec7362fa7b00\skiko-awt-runtime-windows-x64-0.8.15.jar;C:\Users\ecalegaro\.gradle\caches\modules-2\files-2.1\org.jetbrains.skiko\skiko-awt\0.8.15\bbcde58bebd8e48188bbf4b5ed10a91f3b0a84a0\skiko-awt-0.8.15.jar;C:\Users\ecalegaro\.gradle\caches\modules-2\files-2.1\org.jetbrains.kotlinx\kotlinx-coroutines-core-jvm\1.10.1\fe066928754beda3d59c8282e04289546465a360\kotlinx-coroutines-core-jvm-1.10.1.jar;C:\Users\ecalegaro\.gradle\caches\modules-2\files-2.1\org.jetbrains.kotlinx\kotlinx-coroutines-swing\1.10.1\37650f51bdaeabcc8dfd50222d9a6c8a70542efc\kotlinx-coroutines-swing-1.10.1.jar;C:\Users\ecalegaro\.gradle\caches\modules-2\files-2.1\org.jetbrains.compose.components\components-ui-tooling-preview-desktop\1.7.0\8f7a6367fc68382f164dd64ef4b88f98a531b612\library-desktop-1.7.0.jar;C:\Users\ecalegaro\.gradle\caches\modules-2\files-2.1\org.jetbrains.kotlinx\atomicfu-jvm\0.23.2\a4601dc42dceb031a586058e8356ff778a57dea0\atomicfu-jvm-0.23.2.jar;C:\Users\ecalegaro\.gradle\caches\modules-2\files-2.1\org.jetbrains.compose.ui\ui-util-desktop\1.7.0\3c2234b2741de97514d440cfa08fa243ef87ce53\ui-util-desktop-1.7.0.jar;C:\Users\ecalegaro\.gradle\caches\modules-2\files-2.1\org.jetbrains.kotlin\kotlin-stdlib-jdk8\1.9.24\a2f6d82081a54b52ceb120c5a18f87402ccab0c\kotlin-stdlib-jdk8-1.9.24.jar;C:\Users\ecalegaro\.gradle\caches\modules-2\files-2.1\androidx.collection\collection-jvm\1.4.0\e209fb7bd1183032f55a0408121c6251a81acb49\collection-jvm-1.4.0.jar;C:\Users\ecalegaro\.gradle\caches\modules-2\files-2.1\androidx.arch.core\core-common\2.2.0\5e1b8b81dfd5f52c56a8d53b18ca759c19a301f3\core-common-2.2.0.jar;C:\Users\ecalegaro\.gradle\caches\modules-2\files-2.1\androidx.annotation\annotation-jvm\1.8.0\b8a16fe526014b7941c1debaccaf9c5153692dbb\annotation-jvm-1.8.0.jar;C:\Users\ecalegaro\.gradle\caches\modules-2\files-2.1\org.jetbrains.kotlin\kotlin-stdlib-jdk7\1.9.24\46b6e1099acabc71feca1c0013deee78e6793d07\kotlin-stdlib-jdk7-1.9.24.jar;C:\Users\ecalegaro\.gradle\caches\modules-2\files-2.1\org.jetbrains.kotlin\kotlin-stdlib\2.1.0\85f8b81009cda5890e54ba67d64b5e599c645020\kotlin-stdlib-2.1.0.jar;C:\Users\ecalegaro\.gradle\caches\modules-2\files-2.1\org.jetbrains\annotations\23.0.0\8cc20c07506ec18e0834947b84a864bfc094484e\annotations-23.0.0.jar
Launcher Type: SUN_STANDARD

[Global flags]
     intx CICompilerCount                          = 4                                         {product} {ergonomic}
     uint ConcGCThreads                            = 2                                         {product} {ergonomic}
     uint G1ConcRefinementThreads                  = 8                                         {product} {ergonomic}
   size_t G1HeapRegionSize                         = 4194304                                   {product} {ergonomic}
    uintx GCDrainStackTargetSize                   = 64                                        {product} {ergonomic}
   size_t InitialHeapSize                          = 536870912                                 {product} {ergonomic}
   size_t MarkStackSize                            = 4194304                                   {product} {ergonomic}
   size_t MaxHeapSize                              = 8531214336                                {product} {ergonomic}
   size_t MaxNewSize                               = 5117050880                                {product} {ergonomic}
   size_t MinHeapDeltaBytes                        = 4194304                                   {product} {ergonomic}
   size_t MinHeapSize                              = 8388608                                   {product} {ergonomic}
    uintx NonNMethodCodeHeapSize                   = 5839372                                {pd product} {ergonomic}
    uintx NonProfiledCodeHeapSize                  = 122909434                              {pd product} {ergonomic}
    uintx ProfiledCodeHeapSize                     = 122909434                              {pd product} {ergonomic}
    uintx ReservedCodeCacheSize                    = 251658240                              {pd product} {ergonomic}
     bool SegmentedCodeCache                       = true                                      {product} {ergonomic}
   size_t SoftMaxHeapSize                          = 8531214336                             {manageable} {ergonomic}
     bool UseCompressedClassPointers               = true                           {product lp64_product} {ergonomic}
     bool UseCompressedOops                        = true                           {product lp64_product} {ergonomic}
     bool UseG1GC                                  = true                                      {product} {ergonomic}
     bool UseLargePagesIndividualAllocation        = false                                  {pd product} {ergonomic}

Logging:
Log output configuration:
 #0: stdout all=warning uptime,level,tags foldmultilines=false
 #1: stderr all=off uptime,level,tags foldmultilines=false

Environment Variables:
JAVA_HOME=C:\Program Files\Java\jdk-19
PATH=C:\Program Files (x86)\Razer\ChromaBroadcast\bin;C:\Program Files\Razer\ChromaBroadcast\bin;C:\cygwin64\bin;C:\Program Files\Common Files\Oracle\Java\javapath;C:\Python39\Scripts\;C:\Python39\;C:\Program Files (x86)\Common Files\Oracle\Java\javapath;C:\Windows\system32;C:\Windows;C:\Windows\System32\Wbem;C:\Windows\System32\WindowsPowerShell\v1.0\;C:\Windows\System32\OpenSSH\;C:\Projetos\Portables\adb_v1.0.40;C:\Program Files\Git\cmd;C:\Program Files (x86)\Gpg4win\..\GnuPG\bin;C:\Program Files\nodejs\;C:\ProgramData\chocolatey\bin;C:\Program Files\dotnet\;C:\Program Files\SourceGear\Common\DiffMerge\;C:\Program Files\kotlinc\bin;C:\Windows\system32\config\systemprofile\AppData\Local\Microsoft\WindowsApps;C:\Program Files\SafeNet\Authentication\SAC\x64;C:\Program Files\SafeNet\Authentication\SAC\x32;C:\Program Files\PuTTY\;C:\Users\ecalegaro\AppData\Local\Microsoft\WindowsApps;C:\Program Files\EFTlab\BP-Tools\bin;C:\MinGW\bin;C:\Program Files\heroku\bin;C:\Users\ecalegaro\AppData\Roaming\npm;c:\Gertec\bin;c:\Gertec\codebench\bin;c:\Gertec\cygwin\bin;C:\Projetos\Portables\adb_v1.0.40;C:\Program Files (x86)\Microsoft Visual Studio\2019\Community\VC\Tools\MSVC\14.29.30133\bin\Hostx64\x64;C:\Gradle\gradle-6.1.1\bin;C:\Users\ecalegaro\.dotnet\tools;C:\GertecIDE\cygwin\bin;C:\GertecIDE\bin;C:\GertecIDE\toolchain\bin;C:\GertecIDE\codebench\bin;C:\GertecIDE\jdk1.8\bin;C:\Users\ecalegaro\AppData\Local\Programs\Microsoft VS Code\bin;C:\Program Files\Sublime Text;C:\Users\ecalegaro\AppData\Local\Android\Sdk\ndk\25.1.8937393;C:\GertecIDE\MP35\packgen;C:\Program Files\MySQL\MySQL Server 8.0\bin;
USERNAME=ecalegaro
OS=Windows_NT
PROCESSOR_IDENTIFIER=Intel64 Family 6 Model 142 Stepping 12, GenuineIntel
TMP=C:\Users\ECALEG~1\AppData\Local\Temp
TEMP=C:\Users\ECALEG~1\AppData\Local\Temp



---------------  S Y S T E M  ---------------

OS:
 Windows 10 , 64 bit Build 19041 (10.0.19041.3031)
OS uptime: 0 days 3:55 hours
Hyper-V role detected

CPU: total 8 (initial active 8) (4 cores per cpu, 2 threads per core) family 6 model 142 stepping 12 microcode 0xfc, cx8, cmov, fxsr, ht, mmx, 3dnowpref, sse, sse2, sse3, ssse3, sse4.1, sse4.2, popcnt, lzcnt, tsc, tscinvbit, avx, avx2, aes, erms, clmul, bmi1, bmi2, adx, fma, vzeroupper, clflush, clflushopt, hv, rdtscp

Memory: 4k page, system-wide physical 32528M (3151M free)
TotalPageFile size 32528M (AvailPageFile size 248M)
current process WorkingSet (physical memory assigned to process): 1146M, peak: 1146M
current process commit charge ("private bytes"): 1431M, peak: 1679M

vm_info: Java HotSpot(TM) 64-Bit Server VM (19+36-2238) for windows-amd64 JRE (19+36-2238), built on 2022-08-12T20:29:01Z by "mach5one" with MS VC++ 17.1 (VS2022)

END.
